#-----------------------------------------------------------
# Vivado v2018.3 (64-bit)
# SW Build 2405991 on Thu Dec  6 23:38:27 MST 2018
# IP Build 2404404 on Fri Dec  7 01:43:56 MST 2018
# Start of session at: Fri Jul 31 22:13:42 2020
# Process ID: 6712
# Current directory: G:/eda-project/double5640_new
# Command line: vivado.exe -gui_launcher_event rodinguilauncherevent4860 G:\eda-project\double5640_new\double5640_new.xpr
# Log file: G:/eda-project/double5640_new/vivado.log
# Journal file: G:/eda-project/double5640_new\vivado.jou
#-----------------------------------------------------------
start_gui
open_project G:/eda-project/double5640_new/double5640_new.xpr
Scanning sources...
Finished scanning sources
WARNING: [filemgmt 56-3] IP Repository Path: Could not find the directory 'G:/20_ov5640_hdmi/ov5640_hdmi/ip_repo'.
INFO: [IP_Flow 19-234] Refreshing IP repositories
WARNING: [IP_Flow 19-2248] Failed to load user IP repository 'g:/20_ov5640_hdmi/ov5640_hdmi/ip_repo'; Can't find the specified path.
If this directory should no longer be in your list of user repositories, go to the IP Settings dialog and remove it.
INFO: [IP_Flow 19-2313] Loaded Vivado IP repository 'G:/tool/Vivado/2018.3/data/ip'.
WARNING: [BD 41-1661] One or more IPs have been locked in the design 'design_1.bd'. Please run report_ip_status for more details and recommendations on how to fix this issue.
List of locked IPs:
design_1_ddr3_hdmi_ov5640_0_0
design_1_ddr3_hdmi_ov5640_0_1
design_1_i2c_cfg_0_0

open_project: Time (s): cpu = 00:00:45 ; elapsed = 00:00:57 . Memory (MB): peak = 825.629 ; gain = 239.219
update_compile_order -fileset sources_1
report_ip_status -name ip_status 
exit
INFO: [Common 17-206] Exiting Vivado at Fri Jul 31 22:26:25 2020...
