#-----------------------------------------------------------
# Webtalk v2018.3 (64-bit)
# SW Build 2405991 on Thu Dec  6 23:38:27 MST 2018
# 
# Start of session at: Fri Jul 31 14:59:49 2020
# Process ID: 4120
# Current directory: G:/eda-project/double_ov5640/double_ov5640.sdk/webtalk
# Command line: wbtcv.exe -mode batch -source sdk_webtalk.tcl
# Log file: G:/eda-project/double_ov5640/double_ov5640.sdk/webtalk/webtalk.log
# Journal file: G:/eda-project/double_ov5640/double_ov5640.sdk/webtalk\webtalk.jou
#-----------------------------------------------------------
source sdk_webtalk.tcl
# webtalk_init -webtalk_dir G:\\eda-project\\double_ov5640\\double_ov5640.sdk\\webtalk
# webtalk_register_client -client project
# webtalk_add_data -client project -key date_generated -value "2020-07-31 14:59:42" -context "software_version_and_target_device"
# webtalk_add_data -client project -key product_version -value "SDK v2018.3" -context "software_version_and_target_device"
# webtalk_add_data -client project -key build_version -value "2018.3" -context "software_version_and_target_device"
# webtalk_add_data -client project -key os_platform -value "amd64" -context "software_version_and_target_device"
# webtalk_add_data -client project -key registration_id -value "" -context "software_version_and_target_device"
# webtalk_add_data -client project -key tool_flow -value "SDK" -context "software_version_and_target_device"
# webtalk_add_data -client project -key beta -value "false" -context "software_version_and_target_device"
# webtalk_add_data -client project -key route_design -value "NA" -context "software_version_and_target_device"
# webtalk_add_data -client project -key target_family -value "NA" -context "software_version_and_target_device"
# webtalk_add_data -client project -key target_device -value "NA" -context "software_version_and_target_device"
# webtalk_add_data -client project -key target_package -value "NA" -context "software_version_and_target_device"
# webtalk_add_data -client project -key target_speed -value "NA" -context "software_version_and_target_device"
# webtalk_add_data -client project -key random_id -value "5tagdhi63p5ng2bqav2009i6no" -context "software_version_and_target_device"
# webtalk_add_data -client project -key project_id -value "2018.3_2" -context "software_version_and_target_device"
# webtalk_add_data -client project -key project_iteration -value "2" -context "software_version_and_target_device"
# webtalk_add_data -client project -key os_name -value "Microsoft Windows 7 , 64-bit" -context "user_environment"
# webtalk_add_data -client project -key os_release -value "Service Pack 1  (build 7601)" -context "user_environment"
# webtalk_add_data -client project -key cpu_name -value "Intel(R) Core(TM) i5-3210M CPU @ 2.50GHz" -context "user_environment"
# webtalk_add_data -client project -key cpu_speed -value "2494 MHz" -context "user_environment"
# webtalk_add_data -client project -key total_processors -value "1" -context "user_environment"
# webtalk_add_data -client project -key system_ram -value "4.004 GB" -context "user_environment"
# webtalk_register_client -client sdk
# webtalk_add_data -client sdk -key uid -value "1596175603910" -context "sdk\\\\bsp/1596175603910"
# webtalk_add_data -client sdk -key hwid -value "1590211976465" -context "sdk\\\\bsp/1596175603910"
# webtalk_add_data -client sdk -key os -value "standalone" -context "sdk\\\\bsp/1596175603910"
# webtalk_add_data -client sdk -key apptemplate -value "null" -context "sdk\\\\bsp/1596175603910"
# webtalk_add_data -client sdk -key RecordType -value "BSPCreation" -context "sdk\\\\bsp/1596175603910"
# webtalk_add_data -client sdk -key uid -value "NA" -context "sdk\\\\bsp/1596178782003"
# webtalk_add_data -client sdk -key RecordType -value "ToolUsage" -context "sdk\\\\bsp/1596178782003"
# webtalk_add_data -client sdk -key BootgenCount -value "0" -context "sdk\\\\bsp/1596178782003"
# webtalk_add_data -client sdk -key DebugCount -value "11" -context "sdk\\\\bsp/1596178782003"
# webtalk_add_data -client sdk -key PerfCount -value "0" -context "sdk\\\\bsp/1596178782003"
# webtalk_add_data -client sdk -key FlashCount -value "0" -context "sdk\\\\bsp/1596178782003"
# webtalk_add_data -client sdk -key CrossTriggCount -value "0" -context "sdk\\\\bsp/1596178782003"
# webtalk_add_data -client sdk -key QemuDebugCount -value "0" -context "sdk\\\\bsp/1596178782003"
# webtalk_transmit -clientid 1276325352 -regid "" -xml G:\\eda-project\\double_ov5640\\double_ov5640.sdk\\webtalk\\usage_statistics_ext_sdk.xml -html G:\\eda-project\\double_ov5640\\double_ov5640.sdk\\webtalk\\usage_statistics_ext_sdk.html -wdm G:\\eda-project\\double_ov5640\\double_ov5640.sdk\\webtalk\\sdk_webtalk.wdm -intro "<H3>SDK Usage Report</H3><BR>"
# webtalk_terminate
INFO: [Common 17-206] Exiting Webtalk at Fri Jul 31 14:59:53 2020...
