13:56:55 INFO  : Registering command handlers for SDK TCF services
13:56:55 INFO  : Launching XSCT server: xsct.bat -interactive D:\WANGFEI\2019project\Mizar-V1.0-CD\04_SDK_Demo\21_double_ov5640_hdmi\double_ov5640\double_ov5640.sdk\temp_xsdb_launch_script.tcl
13:56:57 INFO  : XSCT server has started successfully.
13:56:57 INFO  : Processing command line option -hwspec D:/WANGFEI/2019project/Mizar-V1.0-CD/04_SDK_Demo/21_double_ov5640_hdmi/double_ov5640/double_ov5640.sdk/design_1_wrapper.hdf.
13:56:57 INFO  : Successfully done setting XSCT server connection channel  
13:56:57 INFO  : Successfully done setting SDK workspace  
14:00:22 INFO  : Connected to target on host '127.0.0.1' and port '3121'.
14:00:22 INFO  : Jtag cable 'Digilent JTAG-HS2 201706300081' is selected.
14:00:22 INFO  : 'jtag frequency' command is executed.
14:00:22 INFO  : Sourcing of 'D:/WANGFEI/2019project/Mizar-V1.0-CD/04_SDK_Demo/21_double_ov5640_hdmi/double_ov5640/double_ov5640.sdk/design_1_wrapper_hw_platform_0/ps7_init.tcl' is done.
14:00:22 INFO  : Context for 'APU' is selected.
14:00:22 INFO  : System reset is completed.
14:00:25 INFO  : 'after 3000' command is executed.
14:00:25 INFO  : 'targets -set -filter {jtag_cable_name =~ "Digilent JTAG-HS2 201706300081" && level==0} -index 1' command is executed.
14:00:29 INFO  : FPGA configured successfully with bitstream "D:/WANGFEI/2019project/Mizar-V1.0-CD/04_SDK_Demo/21_double_ov5640_hdmi/double_ov5640/double_ov5640.sdk/design_1_wrapper_hw_platform_0/design_1_wrapper.bit"
14:00:29 INFO  : Context for 'APU' is selected.
14:00:29 INFO  : Hardware design information is loaded from 'D:/WANGFEI/2019project/Mizar-V1.0-CD/04_SDK_Demo/21_double_ov5640_hdmi/double_ov5640/double_ov5640.sdk/design_1_wrapper_hw_platform_0/system.hdf'.
14:00:29 INFO  : 'configparams force-mem-access 1' command is executed.
14:00:29 INFO  : Context for 'APU' is selected.
14:00:29 INFO  : 'ps7_init' command is executed.
14:00:29 INFO  : 'ps7_post_config' command is executed.
14:00:29 INFO  : Context for processor 'ps7_cortexa9_0' is selected.
14:00:29 INFO  : The application 'D:/WANGFEI/2019project/Mizar-V1.0-CD/04_SDK_Demo/21_double_ov5640_hdmi/double_ov5640/double_ov5640.sdk/double_ov5640/Debug/double_ov5640.elf' is downloaded to processor 'ps7_cortexa9_0'.
14:00:29 INFO  : 'configparams force-mem-access 0' command is executed.
14:00:29 INFO  : ----------------XSDB Script----------------
connect -url tcp:127.0.0.1:3121
source D:/WANGFEI/2019project/Mizar-V1.0-CD/04_SDK_Demo/21_double_ov5640_hdmi/double_ov5640/double_ov5640.sdk/design_1_wrapper_hw_platform_0/ps7_init.tcl
targets -set -nocase -filter {name =~"APU*" && jtag_cable_name =~ "Digilent JTAG-HS2 201706300081"} -index 0
rst -system
after 3000
targets -set -filter {jtag_cable_name =~ "Digilent JTAG-HS2 201706300081" && level==0} -index 1
fpga -file D:/WANGFEI/2019project/Mizar-V1.0-CD/04_SDK_Demo/21_double_ov5640_hdmi/double_ov5640/double_ov5640.sdk/design_1_wrapper_hw_platform_0/design_1_wrapper.bit
targets -set -nocase -filter {name =~"APU*" && jtag_cable_name =~ "Digilent JTAG-HS2 201706300081"} -index 0
loadhw -hw D:/WANGFEI/2019project/Mizar-V1.0-CD/04_SDK_Demo/21_double_ov5640_hdmi/double_ov5640/double_ov5640.sdk/design_1_wrapper_hw_platform_0/system.hdf -mem-ranges [list {0x40000000 0xbfffffff}]
configparams force-mem-access 1
targets -set -nocase -filter {name =~"APU*" && jtag_cable_name =~ "Digilent JTAG-HS2 201706300081"} -index 0
ps7_init
ps7_post_config
targets -set -nocase -filter {name =~ "ARM*#0" && jtag_cable_name =~ "Digilent JTAG-HS2 201706300081"} -index 0
dow D:/WANGFEI/2019project/Mizar-V1.0-CD/04_SDK_Demo/21_double_ov5640_hdmi/double_ov5640/double_ov5640.sdk/double_ov5640/Debug/double_ov5640.elf
configparams force-mem-access 0
----------------End of Script----------------

14:00:30 INFO  : Memory regions updated for context APU
14:00:30 INFO  : Context for processor 'ps7_cortexa9_0' is selected.
14:00:30 INFO  : 'con' command is executed.
14:00:30 INFO  : ----------------XSDB Script (After Launch)----------------
targets -set -nocase -filter {name =~ "ARM*#0" && jtag_cable_name =~ "Digilent JTAG-HS2 201706300081"} -index 0
con
----------------End of Script----------------

14:00:30 INFO  : Launch script is exported to file 'D:\WANGFEI\2019project\Mizar-V1.0-CD\04_SDK_Demo\21_double_ov5640_hdmi\double_ov5640\double_ov5640.sdk\.sdk\launch_scripts\xilinx_c-c++_application_(system_debugger)\system_debugger_on_local.tcl'
18:11:07 INFO  : Example project double_ov5640_bsp_osd_selftest_example_1 has been created successfully.
18:51:53 INFO  : Disconnected from the channel tcfchan#1.
11:46:47 INFO  : Registering command handlers for SDK TCF services
11:46:47 INFO  : Launching XSCT server: xsct.bat -interactive D:\XME0715\SDK_Demo\21_double_ov5640_hdmi\double_ov5640\double_ov5640.sdk\temp_xsdb_launch_script.tcl
11:46:49 INFO  : XSCT server has started successfully.
11:46:49 INFO  : Successfully done setting XSCT server connection channel  
11:46:49 INFO  : Successfully done setting SDK workspace  
11:46:49 INFO  : Processing command line option -hwspec D:/XME0715/SDK_Demo/21_double_ov5640_hdmi/double_ov5640/double_ov5640.sdk/design_1_wrapper.hdf.
13:32:02 INFO  : Launching XSCT server: xsct.bat -interactive D:\XME0715\SDK_Demo\21_double_ov5640_hdmi\double_ov5640\double_ov5640.sdk\temp_xsdb_launch_script.tcl
13:32:04 INFO  : XSCT server has started successfully.
13:32:07 INFO  : Successfully done setting XSCT server connection channel  
13:32:07 INFO  : Successfully done setting SDK workspace  
13:32:09 INFO  : Registering command handlers for SDK TCF services
13:32:10 INFO  : Processing command line option -hwspec D:/XME0715/SDK_Demo/21_double_ov5640_hdmi/double_ov5640/double_ov5640.sdk/design_1_wrapper.hdf.
13:32:10 INFO  : Checking for hwspec changes in the project design_1_wrapper_hw_platform_1.
13:32:10 INFO  : SDK has detected change in the last modified timestamps for source hardware specification file Source:1590211814306,  Project:1585288579288
13:32:10 INFO  : The hardware specification for project 'design_1_wrapper_hw_platform_1' is different from D:/XME0715/SDK_Demo/21_double_ov5640_hdmi/double_ov5640/double_ov5640.sdk/design_1_wrapper.hdf.
13:32:11 INFO  : Copied contents of D:/XME0715/SDK_Demo/21_double_ov5640_hdmi/double_ov5640/double_ov5640.sdk/design_1_wrapper.hdf into \design_1_wrapper_hw_platform_1\system.hdf.
13:32:14 INFO  : Synchronizing projects in the workspace with the hardware platform specification changes.
13:32:16 INFO  : Clearing existing target manager status.
13:32:16 INFO  : Workspace synchronized with the new hardware specification file. Cleaning dependent projects...
13:32:16 WARN  : Linker script will not be updated automatically. Users need to update it manually.
13:32:51 INFO  : Launching XSCT server: xsct.bat -interactive D:\XME0715\SDK_Demo\21_double_ov5640_hdmi\double_ov5640\double_ov5640.sdk\temp_xsdb_launch_script.tcl
13:32:52 INFO  : XSCT server has started successfully.
13:32:52 INFO  : Successfully done setting XSCT server connection channel  
13:32:52 INFO  : Successfully done setting SDK workspace  
13:32:53 INFO  : Registering command handlers for SDK TCF services
13:32:53 INFO  : Processing command line option -hwspec D:/XME0715/SDK_Demo/21_double_ov5640_hdmi/double_ov5640/double_ov5640.sdk/design_1_wrapper.hdf.
13:33:56 INFO  : Connected to target on host '127.0.0.1' and port '3121'.
13:33:56 INFO  : Jtag cable 'Digilent JTAG-HS2 201706300081' is selected.
13:33:56 INFO  : 'jtag frequency' command is executed.
13:33:56 INFO  : Sourcing of 'D:/XME0715/SDK_Demo/21_double_ov5640_hdmi/double_ov5640/double_ov5640.sdk/design_1_wrapper_hw_platform_0/ps7_init.tcl' is done.
13:33:56 INFO  : Context for 'APU' is selected.
13:33:56 INFO  : System reset is completed.
13:33:59 INFO  : 'after 3000' command is executed.
13:33:59 INFO  : 'targets -set -filter {jtag_cable_name =~ "Digilent JTAG-HS2 201706300081" && level==0} -index 1' command is executed.
13:34:02 INFO  : FPGA configured successfully with bitstream "D:/XME0715/SDK_Demo/21_double_ov5640_hdmi/double_ov5640/double_ov5640.sdk/design_1_wrapper_hw_platform_0/design_1_wrapper.bit"
13:34:02 INFO  : Context for 'APU' is selected.
13:34:02 INFO  : Hardware design information is loaded from 'D:/XME0715/SDK_Demo/21_double_ov5640_hdmi/double_ov5640/double_ov5640.sdk/design_1_wrapper_hw_platform_0/system.hdf'.
13:34:02 INFO  : 'configparams force-mem-access 1' command is executed.
13:34:03 INFO  : Context for 'APU' is selected.
13:34:03 INFO  : 'ps7_init' command is executed.
13:34:03 INFO  : 'ps7_post_config' command is executed.
13:34:03 INFO  : Context for processor 'ps7_cortexa9_0' is selected.
13:34:03 INFO  : The application 'D:/XME0715/SDK_Demo/21_double_ov5640_hdmi/double_ov5640/double_ov5640.sdk/double_ov5640/Debug/double_ov5640.elf' is downloaded to processor 'ps7_cortexa9_0'.
13:34:03 INFO  : 'configparams force-mem-access 0' command is executed.
13:34:03 INFO  : ----------------XSDB Script----------------
connect -url tcp:127.0.0.1:3121
source D:/XME0715/SDK_Demo/21_double_ov5640_hdmi/double_ov5640/double_ov5640.sdk/design_1_wrapper_hw_platform_0/ps7_init.tcl
targets -set -nocase -filter {name =~"APU*" && jtag_cable_name =~ "Digilent JTAG-HS2 201706300081"} -index 0
rst -system
after 3000
targets -set -filter {jtag_cable_name =~ "Digilent JTAG-HS2 201706300081" && level==0} -index 1
fpga -file D:/XME0715/SDK_Demo/21_double_ov5640_hdmi/double_ov5640/double_ov5640.sdk/design_1_wrapper_hw_platform_0/design_1_wrapper.bit
targets -set -nocase -filter {name =~"APU*" && jtag_cable_name =~ "Digilent JTAG-HS2 201706300081"} -index 0
loadhw -hw D:/XME0715/SDK_Demo/21_double_ov5640_hdmi/double_ov5640/double_ov5640.sdk/design_1_wrapper_hw_platform_0/system.hdf -mem-ranges [list {0x40000000 0xbfffffff}]
configparams force-mem-access 1
targets -set -nocase -filter {name =~"APU*" && jtag_cable_name =~ "Digilent JTAG-HS2 201706300081"} -index 0
ps7_init
ps7_post_config
targets -set -nocase -filter {name =~ "ARM*#0" && jtag_cable_name =~ "Digilent JTAG-HS2 201706300081"} -index 0
dow D:/XME0715/SDK_Demo/21_double_ov5640_hdmi/double_ov5640/double_ov5640.sdk/double_ov5640/Debug/double_ov5640.elf
configparams force-mem-access 0
----------------End of Script----------------

13:34:03 INFO  : Memory regions updated for context APU
13:34:03 INFO  : Context for processor 'ps7_cortexa9_0' is selected.
13:34:03 INFO  : 'con' command is executed.
13:34:03 INFO  : ----------------XSDB Script (After Launch)----------------
targets -set -nocase -filter {name =~ "ARM*#0" && jtag_cable_name =~ "Digilent JTAG-HS2 201706300081"} -index 0
con
----------------End of Script----------------

13:34:03 INFO  : Launch script is exported to file 'D:\XME0715\SDK_Demo\21_double_ov5640_hdmi\double_ov5640\double_ov5640.sdk\.sdk\launch_scripts\xilinx_c-c++_application_(system_debugger)\system_debugger_on_local.tcl'
13:37:13 INFO  : Disconnected from the channel tcfchan#1.
13:59:21 INFO  : Registering command handlers for SDK TCF services
13:59:22 INFO  : Launching XSCT server: xsct.bat -interactive D:\XME0715\SDK_Demo\21_double_ov5640_hdmi\double_ov5640\double_ov5640.sdk\temp_xsdb_launch_script.tcl
13:59:24 INFO  : XSCT server has started successfully.
13:59:24 INFO  : Successfully done setting XSCT server connection channel  
13:59:24 INFO  : Processing command line option -hwspec D:/XME0715/SDK_Demo/21_double_ov5640_hdmi/double_ov5640/double_ov5640.sdk/design_1_wrapper.hdf.
13:59:24 INFO  : Successfully done setting SDK workspace  
13:59:24 INFO  : Checking for hwspec changes in the project design_1_wrapper_hw_platform_0.
13:59:27 INFO  : SDK has detected change in the last modified timestamps for source hardware specification file Source:1590213524039,  Project:1590211814306
13:59:27 INFO  : The hardware specification for project 'design_1_wrapper_hw_platform_0' is different from D:/XME0715/SDK_Demo/21_double_ov5640_hdmi/double_ov5640/double_ov5640.sdk/design_1_wrapper.hdf.
13:59:27 INFO  : Copied contents of D:/XME0715/SDK_Demo/21_double_ov5640_hdmi/double_ov5640/double_ov5640.sdk/design_1_wrapper.hdf into \design_1_wrapper_hw_platform_0\system.hdf.
13:59:30 INFO  : Synchronizing projects in the workspace with the hardware platform specification changes.
13:59:32 INFO  : 
13:59:33 INFO  : Updating hardware inferred compiler options for double_ov5640.
13:59:33 INFO  : Clearing existing target manager status.
14:58:12 INFO  : Connected to target on host '127.0.0.1' and port '3121'.
14:58:14 INFO  : Jtag cable 'Digilent JTAG-HS2 201706300081' is selected.
14:58:14 INFO  : 'jtag frequency' command is executed.
14:58:14 INFO  : Sourcing of 'D:/XME0715/SDK_Demo/21_double_ov5640_hdmi/double_ov5640/double_ov5640.sdk/design_1_wrapper_hw_platform_0/ps7_init.tcl' is done.
14:58:14 INFO  : Context for 'APU' is selected.
14:58:15 INFO  : System reset is completed.
14:58:18 INFO  : 'after 3000' command is executed.
14:58:18 INFO  : 'targets -set -filter {jtag_cable_name =~ "Digilent JTAG-HS2 201706300081" && level==0} -index 1' command is executed.
14:58:21 INFO  : FPGA configured successfully with bitstream "D:/XME0715/SDK_Demo/21_double_ov5640_hdmi/double_ov5640/double_ov5640.sdk/design_1_wrapper_hw_platform_0/design_1_wrapper.bit"
14:58:21 INFO  : Context for 'APU' is selected.
14:58:21 INFO  : Hardware design information is loaded from 'D:/XME0715/SDK_Demo/21_double_ov5640_hdmi/double_ov5640/double_ov5640.sdk/design_1_wrapper_hw_platform_0/system.hdf'.
14:58:21 INFO  : 'configparams force-mem-access 1' command is executed.
14:58:21 INFO  : Context for 'APU' is selected.
14:58:21 INFO  : 'ps7_init' command is executed.
14:58:21 INFO  : 'ps7_post_config' command is executed.
14:58:21 INFO  : Context for processor 'ps7_cortexa9_0' is selected.
14:58:21 INFO  : The application 'D:/XME0715/SDK_Demo/21_double_ov5640_hdmi/double_ov5640/double_ov5640.sdk/double_ov5640/Debug/double_ov5640.elf' is downloaded to processor 'ps7_cortexa9_0'.
14:58:21 INFO  : 'configparams force-mem-access 0' command is executed.
14:58:21 INFO  : ----------------XSDB Script----------------
connect -url tcp:127.0.0.1:3121
source D:/XME0715/SDK_Demo/21_double_ov5640_hdmi/double_ov5640/double_ov5640.sdk/design_1_wrapper_hw_platform_0/ps7_init.tcl
targets -set -nocase -filter {name =~"APU*" && jtag_cable_name =~ "Digilent JTAG-HS2 201706300081"} -index 0
rst -system
after 3000
targets -set -filter {jtag_cable_name =~ "Digilent JTAG-HS2 201706300081" && level==0} -index 1
fpga -file D:/XME0715/SDK_Demo/21_double_ov5640_hdmi/double_ov5640/double_ov5640.sdk/design_1_wrapper_hw_platform_0/design_1_wrapper.bit
targets -set -nocase -filter {name =~"APU*" && jtag_cable_name =~ "Digilent JTAG-HS2 201706300081"} -index 0
loadhw -hw D:/XME0715/SDK_Demo/21_double_ov5640_hdmi/double_ov5640/double_ov5640.sdk/design_1_wrapper_hw_platform_0/system.hdf -mem-ranges [list {0x40000000 0xbfffffff}]
configparams force-mem-access 1
targets -set -nocase -filter {name =~"APU*" && jtag_cable_name =~ "Digilent JTAG-HS2 201706300081"} -index 0
ps7_init
ps7_post_config
targets -set -nocase -filter {name =~ "ARM*#0" && jtag_cable_name =~ "Digilent JTAG-HS2 201706300081"} -index 0
dow D:/XME0715/SDK_Demo/21_double_ov5640_hdmi/double_ov5640/double_ov5640.sdk/double_ov5640/Debug/double_ov5640.elf
configparams force-mem-access 0
----------------End of Script----------------

14:58:21 INFO  : Memory regions updated for context APU
14:58:21 INFO  : Context for processor 'ps7_cortexa9_0' is selected.
14:58:21 INFO  : 'con' command is executed.
14:58:21 INFO  : ----------------XSDB Script (After Launch)----------------
targets -set -nocase -filter {name =~ "ARM*#0" && jtag_cable_name =~ "Digilent JTAG-HS2 201706300081"} -index 0
con
----------------End of Script----------------

14:58:21 INFO  : Launch script is exported to file 'D:\XME0715\SDK_Demo\21_double_ov5640_hdmi\double_ov5640\double_ov5640.sdk\.sdk\launch_scripts\xilinx_c-c++_application_(system_debugger)\system_debugger_on_local.tcl'
14:59:09 INFO  : Disconnected from the channel tcfchan#1.
14:59:10 INFO  : Connected to target on host '127.0.0.1' and port '3121'.
14:59:10 INFO  : Jtag cable 'Digilent JTAG-HS2 201706300081' is selected.
14:59:10 INFO  : 'jtag frequency' command is executed.
14:59:10 INFO  : Sourcing of 'D:/XME0715/SDK_Demo/21_double_ov5640_hdmi/double_ov5640/double_ov5640.sdk/design_1_wrapper_hw_platform_0/ps7_init.tcl' is done.
14:59:10 INFO  : Context for 'APU' is selected.
14:59:10 INFO  : System reset is completed.
14:59:13 INFO  : 'after 3000' command is executed.
14:59:13 INFO  : 'targets -set -filter {jtag_cable_name =~ "Digilent JTAG-HS2 201706300081" && level==0} -index 1' command is executed.
14:59:16 INFO  : FPGA configured successfully with bitstream "D:/XME0715/SDK_Demo/21_double_ov5640_hdmi/double_ov5640/double_ov5640.sdk/design_1_wrapper_hw_platform_0/design_1_wrapper.bit"
14:59:17 INFO  : Context for 'APU' is selected.
14:59:20 INFO  : Hardware design information is loaded from 'D:/XME0715/SDK_Demo/21_double_ov5640_hdmi/double_ov5640/double_ov5640.sdk/design_1_wrapper_hw_platform_0/system.hdf'.
14:59:20 INFO  : 'configparams force-mem-access 1' command is executed.
14:59:20 INFO  : Context for 'APU' is selected.
14:59:20 INFO  : 'ps7_init' command is executed.
14:59:20 INFO  : 'ps7_post_config' command is executed.
14:59:20 INFO  : Context for processor 'ps7_cortexa9_0' is selected.
14:59:21 INFO  : The application 'D:/XME0715/SDK_Demo/21_double_ov5640_hdmi/double_ov5640/double_ov5640.sdk/double_ov5640/Debug/double_ov5640.elf' is downloaded to processor 'ps7_cortexa9_0'.
14:59:21 INFO  : 'configparams force-mem-access 0' command is executed.
14:59:21 INFO  : ----------------XSDB Script----------------
connect -url tcp:127.0.0.1:3121
source D:/XME0715/SDK_Demo/21_double_ov5640_hdmi/double_ov5640/double_ov5640.sdk/design_1_wrapper_hw_platform_0/ps7_init.tcl
targets -set -nocase -filter {name =~"APU*" && jtag_cable_name =~ "Digilent JTAG-HS2 201706300081"} -index 0
rst -system
after 3000
targets -set -filter {jtag_cable_name =~ "Digilent JTAG-HS2 201706300081" && level==0} -index 1
fpga -file D:/XME0715/SDK_Demo/21_double_ov5640_hdmi/double_ov5640/double_ov5640.sdk/design_1_wrapper_hw_platform_0/design_1_wrapper.bit
targets -set -nocase -filter {name =~"APU*" && jtag_cable_name =~ "Digilent JTAG-HS2 201706300081"} -index 0
loadhw -hw D:/XME0715/SDK_Demo/21_double_ov5640_hdmi/double_ov5640/double_ov5640.sdk/design_1_wrapper_hw_platform_0/system.hdf -mem-ranges [list {0x40000000 0xbfffffff}]
configparams force-mem-access 1
targets -set -nocase -filter {name =~"APU*" && jtag_cable_name =~ "Digilent JTAG-HS2 201706300081"} -index 0
ps7_init
ps7_post_config
targets -set -nocase -filter {name =~ "ARM*#0" && jtag_cable_name =~ "Digilent JTAG-HS2 201706300081"} -index 0
dow D:/XME0715/SDK_Demo/21_double_ov5640_hdmi/double_ov5640/double_ov5640.sdk/double_ov5640/Debug/double_ov5640.elf
configparams force-mem-access 0
----------------End of Script----------------

14:59:21 INFO  : Memory regions updated for context APU
14:59:21 INFO  : Context for processor 'ps7_cortexa9_0' is selected.
14:59:21 INFO  : 'con' command is executed.
14:59:21 INFO  : ----------------XSDB Script (After Launch)----------------
targets -set -nocase -filter {name =~ "ARM*#0" && jtag_cable_name =~ "Digilent JTAG-HS2 201706300081"} -index 0
con
----------------End of Script----------------

14:59:21 INFO  : Launch script is exported to file 'D:\XME0715\SDK_Demo\21_double_ov5640_hdmi\double_ov5640\double_ov5640.sdk\.sdk\launch_scripts\xilinx_c-c++_application_(system_debugger)\system_debugger_on_local.tcl'
15:00:00 INFO  : Disconnected from the channel tcfchan#2.
10:26:40 INFO  : Registering command handlers for SDK TCF services
10:26:42 INFO  : Launching XSCT server: xsct.bat -interactive G:\eda-project\double_ov5640\double_ov5640.sdk\temp_xsdb_launch_script.tcl
10:26:53 INFO  : XSCT server has started successfully.
10:27:01 INFO  : Successfully done setting XSCT server connection channel  
10:27:01 INFO  : Successfully done setting SDK workspace  
10:27:01 INFO  : Processing command line option -hwspec G:/eda-project/double_ov5640/double_ov5640.sdk/design_1_wrapper.hdf.
10:29:29 INFO  : Connected to target on host '127.0.0.1' and port '3121'.
10:38:32 INFO  : Connected to target on host '127.0.0.1' and port '3121'.
10:45:32 INFO  : Connected to target on host '127.0.0.1' and port '3121'.
10:51:56 INFO  : Connected to target on host '127.0.0.1' and port '3121'.
10:55:44 INFO  : Connected to target on host '127.0.0.1' and port '3121'.
14:04:46 INFO  : Registering command handlers for SDK TCF services
14:04:49 INFO  : Launching XSCT server: xsct.bat -interactive G:\eda-project\double_ov5640\double_ov5640.sdk\temp_xsdb_launch_script.tcl
14:04:55 INFO  : XSCT server has started successfully.
14:05:01 INFO  : Successfully done setting XSCT server connection channel  
14:05:01 INFO  : Successfully done setting SDK workspace  
14:05:01 INFO  : Processing command line option -hwspec G:/eda-project/double_ov5640/double_ov5640.sdk/design_1_wrapper.hdf.
14:05:01 INFO  : Checking for hwspec changes in the project design_1_wrapper_hw_platform_1.
14:05:15 INFO  : SDK has detected change in the last modified timestamps for source hardware specification file Source:1596175212385,  Project:1590213524039
14:05:15 INFO  : The hardware specification for project 'design_1_wrapper_hw_platform_1' is different from G:/eda-project/double_ov5640/double_ov5640.sdk/design_1_wrapper.hdf.
14:05:15 INFO  : Copied contents of G:/eda-project/double_ov5640/double_ov5640.sdk/design_1_wrapper.hdf into \design_1_wrapper_hw_platform_1\system.hdf.
14:05:19 INFO  : Synchronizing projects in the workspace with the hardware platform specification changes.
14:05:20 INFO  : Clearing existing target manager status.
14:05:20 INFO  : Workspace synchronized with the new hardware specification file. Cleaning dependent projects...
14:05:20 WARN  : Linker script will not be updated automatically. Users need to update it manually.
14:12:04 INFO  : Connected to target on host '127.0.0.1' and port '3121'.
14:12:05 INFO  : 'targets -set -filter {jtag_cable_name =~ "Digilent JTAG-HS2 201706300081" && level==0} -index 1' command is executed.
14:12:08 INFO  : FPGA configured successfully with bitstream "G:/eda-project/double_ov5640/double_ov5640.sdk/design_1_wrapper_hw_platform_0/design_1_wrapper.bit"
14:12:20 INFO  : Connected to target on host '127.0.0.1' and port '3121'.
14:12:20 INFO  : 'targets -set -filter {jtag_cable_name =~ "Digilent JTAG-HS2 201706300081" && level==0} -index 1' command is executed.
14:12:23 INFO  : FPGA configured successfully with bitstream "G:/eda-project/double_ov5640/double_ov5640.sdk/design_1_wrapper_hw_platform_1/design_1_wrapper.bit"
14:13:02 INFO  : Connected to target on host '127.0.0.1' and port '3121'.
14:13:02 INFO  : 'targets -set -filter {jtag_cable_name =~ "Digilent JTAG-HS2 201706300081" && level==0} -index 1' command is executed.
14:13:05 INFO  : FPGA configured successfully with bitstream "G:/eda-project/double_ov5640/double_ov5640.sdk/design_1_wrapper_hw_platform_1/design_1_wrapper.bit"
14:15:01 INFO  : Connected to target on host '127.0.0.1' and port '3121'.
14:15:02 INFO  : Jtag cable 'Digilent JTAG-HS2 201706300081' is selected.
14:15:02 INFO  : 'jtag frequency' command is executed.
14:15:02 INFO  : Sourcing of 'G:/eda-project/double_ov5640/double_ov5640.sdk/design_1_wrapper_hw_platform_0/ps7_init.tcl' is done.
14:15:02 INFO  : Context for 'APU' is selected.
14:15:02 INFO  : System reset is completed.
14:15:05 INFO  : 'after 3000' command is executed.
14:15:05 INFO  : 'targets -set -filter {jtag_cable_name =~ "Digilent JTAG-HS2 201706300081" && level==0} -index 1' command is executed.
14:15:09 INFO  : FPGA configured successfully with bitstream "G:/eda-project/double_ov5640/double_ov5640.sdk/design_1_wrapper_hw_platform_0/design_1_wrapper.bit"
14:15:09 INFO  : Context for 'APU' is selected.
14:15:09 INFO  : Hardware design information is loaded from 'G:/eda-project/double_ov5640/double_ov5640.sdk/design_1_wrapper_hw_platform_0/system.hdf'.
14:15:09 INFO  : 'configparams force-mem-access 1' command is executed.
14:15:09 INFO  : Context for 'APU' is selected.
14:15:10 INFO  : 'ps7_init' command is executed.
14:15:10 INFO  : 'ps7_post_config' command is executed.
14:15:10 INFO  : Context for processor 'ps7_cortexa9_0' is selected.
14:15:10 INFO  : The application 'G:/eda-project/double_ov5640/double_ov5640.sdk/double_ov5640/Debug/double_ov5640.elf' is downloaded to processor 'ps7_cortexa9_0'.
14:15:10 INFO  : 'configparams force-mem-access 0' command is executed.
14:15:10 INFO  : ----------------XSDB Script----------------
connect -url tcp:127.0.0.1:3121
source G:/eda-project/double_ov5640/double_ov5640.sdk/design_1_wrapper_hw_platform_0/ps7_init.tcl
targets -set -nocase -filter {name =~"APU*" && jtag_cable_name =~ "Digilent JTAG-HS2 201706300081"} -index 0
rst -system
after 3000
targets -set -filter {jtag_cable_name =~ "Digilent JTAG-HS2 201706300081" && level==0} -index 1
fpga -file G:/eda-project/double_ov5640/double_ov5640.sdk/design_1_wrapper_hw_platform_0/design_1_wrapper.bit
targets -set -nocase -filter {name =~"APU*" && jtag_cable_name =~ "Digilent JTAG-HS2 201706300081"} -index 0
loadhw -hw G:/eda-project/double_ov5640/double_ov5640.sdk/design_1_wrapper_hw_platform_0/system.hdf -mem-ranges [list {0x40000000 0xbfffffff}]
configparams force-mem-access 1
targets -set -nocase -filter {name =~"APU*" && jtag_cable_name =~ "Digilent JTAG-HS2 201706300081"} -index 0
ps7_init
ps7_post_config
targets -set -nocase -filter {name =~ "ARM*#0" && jtag_cable_name =~ "Digilent JTAG-HS2 201706300081"} -index 0
dow G:/eda-project/double_ov5640/double_ov5640.sdk/double_ov5640/Debug/double_ov5640.elf
configparams force-mem-access 0
----------------End of Script----------------

14:15:10 INFO  : Memory regions updated for context APU
14:15:11 INFO  : Context for processor 'ps7_cortexa9_0' is selected.
14:15:11 INFO  : 'con' command is executed.
14:15:11 INFO  : ----------------XSDB Script (After Launch)----------------
targets -set -nocase -filter {name =~ "ARM*#0" && jtag_cable_name =~ "Digilent JTAG-HS2 201706300081"} -index 0
con
----------------End of Script----------------

14:15:11 INFO  : Launch script is exported to file 'G:\eda-project\double_ov5640\double_ov5640.sdk\.sdk\launch_scripts\xilinx_c-c++_application_(system_debugger)\system_debugger_on_local.tcl'
14:19:54 INFO  : Disconnected from the channel tcfchan#1.
14:19:55 INFO  : Connected to target on host '127.0.0.1' and port '3121'.
14:19:56 INFO  : Jtag cable 'Digilent JTAG-HS2 201706300081' is selected.
14:19:56 INFO  : 'jtag frequency' command is executed.
14:19:56 INFO  : Sourcing of 'G:/eda-project/double_ov5640/double_ov5640.sdk/design_1_wrapper_hw_platform_0/ps7_init.tcl' is done.
14:19:56 INFO  : Context for 'APU' is selected.
14:19:56 INFO  : System reset is completed.
14:19:59 INFO  : 'after 3000' command is executed.
14:19:59 INFO  : 'targets -set -filter {jtag_cable_name =~ "Digilent JTAG-HS2 201706300081" && level==0} -index 1' command is executed.
14:20:02 INFO  : FPGA configured successfully with bitstream "G:/eda-project/double_ov5640/double_ov5640.sdk/design_1_wrapper_hw_platform_0/design_1_wrapper.bit"
14:20:03 INFO  : Context for 'APU' is selected.
14:20:06 INFO  : Hardware design information is loaded from 'G:/eda-project/double_ov5640/double_ov5640.sdk/design_1_wrapper_hw_platform_0/system.hdf'.
14:20:06 INFO  : 'configparams force-mem-access 1' command is executed.
14:20:06 INFO  : Context for 'APU' is selected.
14:20:06 INFO  : 'ps7_init' command is executed.
14:20:06 INFO  : 'ps7_post_config' command is executed.
14:20:06 INFO  : Context for processor 'ps7_cortexa9_0' is selected.
14:20:06 INFO  : The application 'G:/eda-project/double_ov5640/double_ov5640.sdk/double_ov5640/Debug/double_ov5640.elf' is downloaded to processor 'ps7_cortexa9_0'.
14:20:06 INFO  : 'configparams force-mem-access 0' command is executed.
14:20:06 INFO  : ----------------XSDB Script----------------
connect -url tcp:127.0.0.1:3121
source G:/eda-project/double_ov5640/double_ov5640.sdk/design_1_wrapper_hw_platform_0/ps7_init.tcl
targets -set -nocase -filter {name =~"APU*" && jtag_cable_name =~ "Digilent JTAG-HS2 201706300081"} -index 0
rst -system
after 3000
targets -set -filter {jtag_cable_name =~ "Digilent JTAG-HS2 201706300081" && level==0} -index 1
fpga -file G:/eda-project/double_ov5640/double_ov5640.sdk/design_1_wrapper_hw_platform_0/design_1_wrapper.bit
targets -set -nocase -filter {name =~"APU*" && jtag_cable_name =~ "Digilent JTAG-HS2 201706300081"} -index 0
loadhw -hw G:/eda-project/double_ov5640/double_ov5640.sdk/design_1_wrapper_hw_platform_0/system.hdf -mem-ranges [list {0x40000000 0xbfffffff}]
configparams force-mem-access 1
targets -set -nocase -filter {name =~"APU*" && jtag_cable_name =~ "Digilent JTAG-HS2 201706300081"} -index 0
ps7_init
ps7_post_config
targets -set -nocase -filter {name =~ "ARM*#0" && jtag_cable_name =~ "Digilent JTAG-HS2 201706300081"} -index 0
dow G:/eda-project/double_ov5640/double_ov5640.sdk/double_ov5640/Debug/double_ov5640.elf
configparams force-mem-access 0
----------------End of Script----------------

14:20:07 INFO  : Memory regions updated for context APU
14:20:07 INFO  : Context for processor 'ps7_cortexa9_0' is selected.
14:20:07 INFO  : 'con' command is executed.
14:20:07 INFO  : ----------------XSDB Script (After Launch)----------------
targets -set -nocase -filter {name =~ "ARM*#0" && jtag_cable_name =~ "Digilent JTAG-HS2 201706300081"} -index 0
con
----------------End of Script----------------

14:20:07 INFO  : Launch script is exported to file 'G:\eda-project\double_ov5640\double_ov5640.sdk\.sdk\launch_scripts\xilinx_c-c++_application_(system_debugger)\system_debugger_on_local.tcl'
14:21:00 INFO  : Disconnected from the channel tcfchan#2.
14:21:01 INFO  : Connected to target on host '127.0.0.1' and port '3121'.
14:21:01 INFO  : Jtag cable 'Digilent JTAG-HS2 201706300081' is selected.
14:21:02 INFO  : 'jtag frequency' command is executed.
14:21:02 INFO  : Sourcing of 'G:/eda-project/double_ov5640/double_ov5640.sdk/design_1_wrapper_hw_platform_0/ps7_init.tcl' is done.
14:21:02 INFO  : Context for 'APU' is selected.
14:21:02 INFO  : System reset is completed.
14:21:05 INFO  : 'after 3000' command is executed.
14:21:05 INFO  : 'targets -set -filter {jtag_cable_name =~ "Digilent JTAG-HS2 201706300081" && level==0} -index 1' command is executed.
14:21:08 INFO  : FPGA configured successfully with bitstream "G:/eda-project/double_ov5640/double_ov5640.sdk/design_1_wrapper_hw_platform_0/design_1_wrapper.bit"
14:21:08 INFO  : Context for 'APU' is selected.
14:21:08 INFO  : Hardware design information is loaded from 'G:/eda-project/double_ov5640/double_ov5640.sdk/design_1_wrapper_hw_platform_0/system.hdf'.
14:21:08 INFO  : 'configparams force-mem-access 1' command is executed.
14:21:08 INFO  : Context for 'APU' is selected.
14:21:09 INFO  : 'ps7_init' command is executed.
14:21:09 INFO  : 'ps7_post_config' command is executed.
14:21:09 INFO  : Context for processor 'ps7_cortexa9_0' is selected.
14:21:09 INFO  : The application 'G:/eda-project/double_ov5640/double_ov5640.sdk/double_ov5640/Debug/double_ov5640.elf' is downloaded to processor 'ps7_cortexa9_0'.
14:21:09 INFO  : 'configparams force-mem-access 0' command is executed.
14:21:09 INFO  : ----------------XSDB Script----------------
connect -url tcp:127.0.0.1:3121
source G:/eda-project/double_ov5640/double_ov5640.sdk/design_1_wrapper_hw_platform_0/ps7_init.tcl
targets -set -nocase -filter {name =~"APU*" && jtag_cable_name =~ "Digilent JTAG-HS2 201706300081"} -index 0
rst -system
after 3000
targets -set -filter {jtag_cable_name =~ "Digilent JTAG-HS2 201706300081" && level==0} -index 1
fpga -file G:/eda-project/double_ov5640/double_ov5640.sdk/design_1_wrapper_hw_platform_0/design_1_wrapper.bit
targets -set -nocase -filter {name =~"APU*" && jtag_cable_name =~ "Digilent JTAG-HS2 201706300081"} -index 0
loadhw -hw G:/eda-project/double_ov5640/double_ov5640.sdk/design_1_wrapper_hw_platform_0/system.hdf -mem-ranges [list {0x40000000 0xbfffffff}]
configparams force-mem-access 1
targets -set -nocase -filter {name =~"APU*" && jtag_cable_name =~ "Digilent JTAG-HS2 201706300081"} -index 0
ps7_init
ps7_post_config
targets -set -nocase -filter {name =~ "ARM*#0" && jtag_cable_name =~ "Digilent JTAG-HS2 201706300081"} -index 0
dow G:/eda-project/double_ov5640/double_ov5640.sdk/double_ov5640/Debug/double_ov5640.elf
configparams force-mem-access 0
----------------End of Script----------------

14:21:10 INFO  : Memory regions updated for context APU
14:21:10 INFO  : Context for processor 'ps7_cortexa9_0' is selected.
14:21:10 INFO  : 'con' command is executed.
14:21:10 INFO  : ----------------XSDB Script (After Launch)----------------
targets -set -nocase -filter {name =~ "ARM*#0" && jtag_cable_name =~ "Digilent JTAG-HS2 201706300081"} -index 0
con
----------------End of Script----------------

14:21:10 INFO  : Launch script is exported to file 'G:\eda-project\double_ov5640\double_ov5640.sdk\.sdk\launch_scripts\xilinx_c-c++_application_(system_debugger)\system_debugger_on_local.tcl'
14:23:18 INFO  : Disconnected from the channel tcfchan#3.
14:23:19 INFO  : Connected to target on host '127.0.0.1' and port '3121'.
14:23:20 INFO  : Jtag cable 'Digilent JTAG-HS2 201706300081' is selected.
14:23:20 INFO  : 'jtag frequency' command is executed.
14:23:20 INFO  : Sourcing of 'G:/eda-project/double_ov5640/double_ov5640.sdk/design_1_wrapper_hw_platform_0/ps7_init.tcl' is done.
14:23:20 INFO  : Context for 'APU' is selected.
14:23:20 INFO  : System reset is completed.
14:23:23 INFO  : 'after 3000' command is executed.
14:23:23 INFO  : 'targets -set -filter {jtag_cable_name =~ "Digilent JTAG-HS2 201706300081" && level==0} -index 1' command is executed.
14:23:27 INFO  : FPGA configured successfully with bitstream "G:/eda-project/double_ov5640/double_ov5640.sdk/design_1_wrapper_hw_platform_0/design_1_wrapper.bit"
14:23:27 INFO  : Context for 'APU' is selected.
14:23:27 INFO  : Hardware design information is loaded from 'G:/eda-project/double_ov5640/double_ov5640.sdk/design_1_wrapper_hw_platform_0/system.hdf'.
14:23:27 INFO  : 'configparams force-mem-access 1' command is executed.
14:23:27 INFO  : Context for 'APU' is selected.
14:23:27 INFO  : 'ps7_init' command is executed.
14:23:27 INFO  : 'ps7_post_config' command is executed.
14:23:27 INFO  : Context for processor 'ps7_cortexa9_0' is selected.
14:23:28 INFO  : The application 'G:/eda-project/double_ov5640/double_ov5640.sdk/double_ov5640/Debug/double_ov5640.elf' is downloaded to processor 'ps7_cortexa9_0'.
14:23:28 INFO  : 'configparams force-mem-access 0' command is executed.
14:23:28 INFO  : ----------------XSDB Script----------------
connect -url tcp:127.0.0.1:3121
source G:/eda-project/double_ov5640/double_ov5640.sdk/design_1_wrapper_hw_platform_0/ps7_init.tcl
targets -set -nocase -filter {name =~"APU*" && jtag_cable_name =~ "Digilent JTAG-HS2 201706300081"} -index 0
rst -system
after 3000
targets -set -filter {jtag_cable_name =~ "Digilent JTAG-HS2 201706300081" && level==0} -index 1
fpga -file G:/eda-project/double_ov5640/double_ov5640.sdk/design_1_wrapper_hw_platform_0/design_1_wrapper.bit
targets -set -nocase -filter {name =~"APU*" && jtag_cable_name =~ "Digilent JTAG-HS2 201706300081"} -index 0
loadhw -hw G:/eda-project/double_ov5640/double_ov5640.sdk/design_1_wrapper_hw_platform_0/system.hdf -mem-ranges [list {0x40000000 0xbfffffff}]
configparams force-mem-access 1
targets -set -nocase -filter {name =~"APU*" && jtag_cable_name =~ "Digilent JTAG-HS2 201706300081"} -index 0
ps7_init
ps7_post_config
targets -set -nocase -filter {name =~ "ARM*#0" && jtag_cable_name =~ "Digilent JTAG-HS2 201706300081"} -index 0
dow G:/eda-project/double_ov5640/double_ov5640.sdk/double_ov5640/Debug/double_ov5640.elf
configparams force-mem-access 0
----------------End of Script----------------

14:23:28 INFO  : Memory regions updated for context APU
14:23:28 INFO  : Context for processor 'ps7_cortexa9_0' is selected.
14:23:28 INFO  : 'con' command is executed.
14:23:28 INFO  : ----------------XSDB Script (After Launch)----------------
targets -set -nocase -filter {name =~ "ARM*#0" && jtag_cable_name =~ "Digilent JTAG-HS2 201706300081"} -index 0
con
----------------End of Script----------------

14:23:28 INFO  : Launch script is exported to file 'G:\eda-project\double_ov5640\double_ov5640.sdk\.sdk\launch_scripts\xilinx_c-c++_application_(system_debugger)\system_debugger_on_local.tcl'
14:24:32 INFO  : Disconnected from the channel tcfchan#4.
14:25:23 INFO  : Connected to target on host '127.0.0.1' and port '3121'.
14:25:24 INFO  : 'targets -set -filter {jtag_cable_name =~ "Digilent JTAG-HS2 201706300081" && level==0} -index 1' command is executed.
14:25:27 INFO  : FPGA configured successfully with bitstream "G:/eda-project/double_ov5640/double_ov5640.sdk/design_1_wrapper_hw_platform_0/design_1_wrapper.bit"
14:32:20 INFO  : Connected to target on host '127.0.0.1' and port '3121'.
14:32:20 INFO  : Jtag cable 'Digilent JTAG-HS2 201706300081' is selected.
14:32:20 INFO  : 'jtag frequency' command is executed.
14:32:20 INFO  : Sourcing of 'G:/eda-project/double_ov5640/double_ov5640.sdk/design_1_wrapper_hw_platform_0/ps7_init.tcl' is done.
14:32:20 INFO  : Context for 'APU' is selected.
14:32:21 INFO  : System reset is completed.
14:32:24 INFO  : 'after 3000' command is executed.
14:32:24 INFO  : 'targets -set -filter {jtag_cable_name =~ "Digilent JTAG-HS2 201706300081" && level==0} -index 1' command is executed.
14:32:27 INFO  : FPGA configured successfully with bitstream "G:/eda-project/double_ov5640/double_ov5640.sdk/design_1_wrapper_hw_platform_0/design_1_wrapper.bit"
14:32:27 INFO  : Context for 'APU' is selected.
14:32:27 INFO  : Hardware design information is loaded from 'G:/eda-project/double_ov5640/double_ov5640.sdk/design_1_wrapper_hw_platform_0/system.hdf'.
14:32:27 INFO  : 'configparams force-mem-access 1' command is executed.
14:32:27 INFO  : Context for 'APU' is selected.
14:32:28 INFO  : 'ps7_init' command is executed.
14:32:28 INFO  : 'ps7_post_config' command is executed.
14:32:28 INFO  : Context for processor 'ps7_cortexa9_0' is selected.
14:32:28 INFO  : The application 'G:/eda-project/double_ov5640/double_ov5640.sdk/double_ov5640/Debug/double_ov5640.elf' is downloaded to processor 'ps7_cortexa9_0'.
14:32:28 INFO  : 'configparams force-mem-access 0' command is executed.
14:32:28 INFO  : ----------------XSDB Script----------------
connect -url tcp:127.0.0.1:3121
source G:/eda-project/double_ov5640/double_ov5640.sdk/design_1_wrapper_hw_platform_0/ps7_init.tcl
targets -set -nocase -filter {name =~"APU*" && jtag_cable_name =~ "Digilent JTAG-HS2 201706300081"} -index 0
rst -system
after 3000
targets -set -filter {jtag_cable_name =~ "Digilent JTAG-HS2 201706300081" && level==0} -index 1
fpga -file G:/eda-project/double_ov5640/double_ov5640.sdk/design_1_wrapper_hw_platform_0/design_1_wrapper.bit
targets -set -nocase -filter {name =~"APU*" && jtag_cable_name =~ "Digilent JTAG-HS2 201706300081"} -index 0
loadhw -hw G:/eda-project/double_ov5640/double_ov5640.sdk/design_1_wrapper_hw_platform_0/system.hdf -mem-ranges [list {0x40000000 0xbfffffff}]
configparams force-mem-access 1
targets -set -nocase -filter {name =~"APU*" && jtag_cable_name =~ "Digilent JTAG-HS2 201706300081"} -index 0
ps7_init
ps7_post_config
targets -set -nocase -filter {name =~ "ARM*#0" && jtag_cable_name =~ "Digilent JTAG-HS2 201706300081"} -index 0
dow G:/eda-project/double_ov5640/double_ov5640.sdk/double_ov5640/Debug/double_ov5640.elf
configparams force-mem-access 0
----------------End of Script----------------

14:32:28 INFO  : Memory regions updated for context APU
14:32:29 INFO  : Context for processor 'ps7_cortexa9_0' is selected.
14:32:29 INFO  : 'con' command is executed.
14:32:29 INFO  : ----------------XSDB Script (After Launch)----------------
targets -set -nocase -filter {name =~ "ARM*#0" && jtag_cable_name =~ "Digilent JTAG-HS2 201706300081"} -index 0
con
----------------End of Script----------------

14:32:29 INFO  : Launch script is exported to file 'G:\eda-project\double_ov5640\double_ov5640.sdk\.sdk\launch_scripts\xilinx_c-c++_application_(system_debugger)\system_debugger_on_local.tcl'
14:33:56 INFO  : Disconnected from the channel tcfchan#5.
14:33:57 INFO  : Connected to target on host '127.0.0.1' and port '3121'.
14:33:57 INFO  : Jtag cable 'Digilent JTAG-HS2 201706300081' is selected.
14:33:57 INFO  : 'jtag frequency' command is executed.
14:33:57 INFO  : Sourcing of 'G:/eda-project/double_ov5640/double_ov5640.sdk/design_1_wrapper_hw_platform_0/ps7_init.tcl' is done.
14:33:57 INFO  : Context for 'APU' is selected.
14:33:58 INFO  : System reset is completed.
14:34:01 INFO  : 'after 3000' command is executed.
14:34:01 INFO  : 'targets -set -filter {jtag_cable_name =~ "Digilent JTAG-HS2 201706300081" && level==0} -index 1' command is executed.
14:34:04 INFO  : FPGA configured successfully with bitstream "G:/eda-project/double_ov5640/double_ov5640.sdk/design_1_wrapper_hw_platform_0/design_1_wrapper.bit"
14:34:04 INFO  : Context for 'APU' is selected.
14:34:04 INFO  : Hardware design information is loaded from 'G:/eda-project/double_ov5640/double_ov5640.sdk/design_1_wrapper_hw_platform_0/system.hdf'.
14:34:04 INFO  : 'configparams force-mem-access 1' command is executed.
14:34:04 INFO  : Context for 'APU' is selected.
14:34:04 INFO  : 'ps7_init' command is executed.
14:34:04 INFO  : 'ps7_post_config' command is executed.
14:34:04 INFO  : Context for processor 'ps7_cortexa9_0' is selected.
14:34:05 INFO  : The application 'G:/eda-project/double_ov5640/double_ov5640.sdk/double_ov5640/Debug/double_ov5640.elf' is downloaded to processor 'ps7_cortexa9_0'.
14:34:05 INFO  : 'configparams force-mem-access 0' command is executed.
14:34:05 INFO  : ----------------XSDB Script----------------
connect -url tcp:127.0.0.1:3121
source G:/eda-project/double_ov5640/double_ov5640.sdk/design_1_wrapper_hw_platform_0/ps7_init.tcl
targets -set -nocase -filter {name =~"APU*" && jtag_cable_name =~ "Digilent JTAG-HS2 201706300081"} -index 0
rst -system
after 3000
targets -set -filter {jtag_cable_name =~ "Digilent JTAG-HS2 201706300081" && level==0} -index 1
fpga -file G:/eda-project/double_ov5640/double_ov5640.sdk/design_1_wrapper_hw_platform_0/design_1_wrapper.bit
targets -set -nocase -filter {name =~"APU*" && jtag_cable_name =~ "Digilent JTAG-HS2 201706300081"} -index 0
loadhw -hw G:/eda-project/double_ov5640/double_ov5640.sdk/design_1_wrapper_hw_platform_0/system.hdf -mem-ranges [list {0x40000000 0xbfffffff}]
configparams force-mem-access 1
targets -set -nocase -filter {name =~"APU*" && jtag_cable_name =~ "Digilent JTAG-HS2 201706300081"} -index 0
ps7_init
ps7_post_config
targets -set -nocase -filter {name =~ "ARM*#0" && jtag_cable_name =~ "Digilent JTAG-HS2 201706300081"} -index 0
dow G:/eda-project/double_ov5640/double_ov5640.sdk/double_ov5640/Debug/double_ov5640.elf
configparams force-mem-access 0
----------------End of Script----------------

14:34:05 INFO  : Memory regions updated for context APU
14:34:05 INFO  : Context for processor 'ps7_cortexa9_0' is selected.
14:34:05 INFO  : 'con' command is executed.
14:34:05 INFO  : ----------------XSDB Script (After Launch)----------------
targets -set -nocase -filter {name =~ "ARM*#0" && jtag_cable_name =~ "Digilent JTAG-HS2 201706300081"} -index 0
con
----------------End of Script----------------

14:34:05 INFO  : Launch script is exported to file 'G:\eda-project\double_ov5640\double_ov5640.sdk\.sdk\launch_scripts\xilinx_c-c++_application_(system_debugger)\system_debugger_on_local.tcl'
14:37:20 INFO  : Disconnected from the channel tcfchan#6.
14:37:21 INFO  : Connected to target on host '127.0.0.1' and port '3121'.
14:37:22 INFO  : Jtag cable 'Digilent JTAG-HS2 201706300081' is selected.
14:37:22 INFO  : 'jtag frequency' command is executed.
14:37:22 INFO  : Sourcing of 'G:/eda-project/double_ov5640/double_ov5640.sdk/design_1_wrapper_hw_platform_0/ps7_init.tcl' is done.
14:37:22 INFO  : Context for 'APU' is selected.
14:37:22 INFO  : System reset is completed.
14:37:25 INFO  : 'after 3000' command is executed.
14:37:25 INFO  : 'targets -set -filter {jtag_cable_name =~ "Digilent JTAG-HS2 201706300081" && level==0} -index 1' command is executed.
14:37:28 INFO  : FPGA configured successfully with bitstream "G:/eda-project/double_ov5640/double_ov5640.sdk/design_1_wrapper_hw_platform_0/design_1_wrapper.bit"
14:37:28 INFO  : Context for 'APU' is selected.
14:37:28 INFO  : Hardware design information is loaded from 'G:/eda-project/double_ov5640/double_ov5640.sdk/design_1_wrapper_hw_platform_0/system.hdf'.
14:37:28 INFO  : 'configparams force-mem-access 1' command is executed.
14:37:28 INFO  : Context for 'APU' is selected.
14:37:29 INFO  : 'ps7_init' command is executed.
14:37:29 INFO  : 'ps7_post_config' command is executed.
14:37:29 INFO  : Context for processor 'ps7_cortexa9_0' is selected.
14:37:29 INFO  : The application 'G:/eda-project/double_ov5640/double_ov5640.sdk/double_ov5640/Debug/double_ov5640.elf' is downloaded to processor 'ps7_cortexa9_0'.
14:37:29 INFO  : 'configparams force-mem-access 0' command is executed.
14:37:29 INFO  : ----------------XSDB Script----------------
connect -url tcp:127.0.0.1:3121
source G:/eda-project/double_ov5640/double_ov5640.sdk/design_1_wrapper_hw_platform_0/ps7_init.tcl
targets -set -nocase -filter {name =~"APU*" && jtag_cable_name =~ "Digilent JTAG-HS2 201706300081"} -index 0
rst -system
after 3000
targets -set -filter {jtag_cable_name =~ "Digilent JTAG-HS2 201706300081" && level==0} -index 1
fpga -file G:/eda-project/double_ov5640/double_ov5640.sdk/design_1_wrapper_hw_platform_0/design_1_wrapper.bit
targets -set -nocase -filter {name =~"APU*" && jtag_cable_name =~ "Digilent JTAG-HS2 201706300081"} -index 0
loadhw -hw G:/eda-project/double_ov5640/double_ov5640.sdk/design_1_wrapper_hw_platform_0/system.hdf -mem-ranges [list {0x40000000 0xbfffffff}]
configparams force-mem-access 1
targets -set -nocase -filter {name =~"APU*" && jtag_cable_name =~ "Digilent JTAG-HS2 201706300081"} -index 0
ps7_init
ps7_post_config
targets -set -nocase -filter {name =~ "ARM*#0" && jtag_cable_name =~ "Digilent JTAG-HS2 201706300081"} -index 0
dow G:/eda-project/double_ov5640/double_ov5640.sdk/double_ov5640/Debug/double_ov5640.elf
configparams force-mem-access 0
----------------End of Script----------------

14:37:29 INFO  : Memory regions updated for context APU
14:37:30 INFO  : Context for processor 'ps7_cortexa9_0' is selected.
14:37:30 INFO  : 'con' command is executed.
14:37:30 INFO  : ----------------XSDB Script (After Launch)----------------
targets -set -nocase -filter {name =~ "ARM*#0" && jtag_cable_name =~ "Digilent JTAG-HS2 201706300081"} -index 0
con
----------------End of Script----------------

14:37:30 INFO  : Launch script is exported to file 'G:\eda-project\double_ov5640\double_ov5640.sdk\.sdk\launch_scripts\xilinx_c-c++_application_(system_debugger)\system_debugger_on_local.tcl'
14:42:18 INFO  : Disconnected from the channel tcfchan#7.
14:42:19 INFO  : Connected to target on host '127.0.0.1' and port '3121'.
14:42:19 INFO  : Jtag cable 'Digilent JTAG-HS2 201706300081' is selected.
14:42:19 INFO  : 'jtag frequency' command is executed.
14:42:19 INFO  : Sourcing of 'G:/eda-project/double_ov5640/double_ov5640.sdk/design_1_wrapper_hw_platform_0/ps7_init.tcl' is done.
14:42:19 INFO  : Context for 'APU' is selected.
14:42:20 INFO  : System reset is completed.
14:42:23 INFO  : 'after 3000' command is executed.
14:42:23 INFO  : 'targets -set -filter {jtag_cable_name =~ "Digilent JTAG-HS2 201706300081" && level==0} -index 1' command is executed.
14:42:26 INFO  : FPGA configured successfully with bitstream "G:/eda-project/double_ov5640/double_ov5640.sdk/design_1_wrapper_hw_platform_0/design_1_wrapper.bit"
14:42:26 INFO  : Context for 'APU' is selected.
14:42:26 INFO  : Hardware design information is loaded from 'G:/eda-project/double_ov5640/double_ov5640.sdk/design_1_wrapper_hw_platform_0/system.hdf'.
14:42:26 INFO  : 'configparams force-mem-access 1' command is executed.
14:42:26 INFO  : Context for 'APU' is selected.
14:42:27 INFO  : 'ps7_init' command is executed.
14:42:27 INFO  : 'ps7_post_config' command is executed.
14:42:27 INFO  : Context for processor 'ps7_cortexa9_0' is selected.
14:42:27 INFO  : The application 'G:/eda-project/double_ov5640/double_ov5640.sdk/double_ov5640/Debug/double_ov5640.elf' is downloaded to processor 'ps7_cortexa9_0'.
14:42:27 INFO  : 'configparams force-mem-access 0' command is executed.
14:42:27 INFO  : ----------------XSDB Script----------------
connect -url tcp:127.0.0.1:3121
source G:/eda-project/double_ov5640/double_ov5640.sdk/design_1_wrapper_hw_platform_0/ps7_init.tcl
targets -set -nocase -filter {name =~"APU*" && jtag_cable_name =~ "Digilent JTAG-HS2 201706300081"} -index 0
rst -system
after 3000
targets -set -filter {jtag_cable_name =~ "Digilent JTAG-HS2 201706300081" && level==0} -index 1
fpga -file G:/eda-project/double_ov5640/double_ov5640.sdk/design_1_wrapper_hw_platform_0/design_1_wrapper.bit
targets -set -nocase -filter {name =~"APU*" && jtag_cable_name =~ "Digilent JTAG-HS2 201706300081"} -index 0
loadhw -hw G:/eda-project/double_ov5640/double_ov5640.sdk/design_1_wrapper_hw_platform_0/system.hdf -mem-ranges [list {0x40000000 0xbfffffff}]
configparams force-mem-access 1
targets -set -nocase -filter {name =~"APU*" && jtag_cable_name =~ "Digilent JTAG-HS2 201706300081"} -index 0
ps7_init
ps7_post_config
targets -set -nocase -filter {name =~ "ARM*#0" && jtag_cable_name =~ "Digilent JTAG-HS2 201706300081"} -index 0
dow G:/eda-project/double_ov5640/double_ov5640.sdk/double_ov5640/Debug/double_ov5640.elf
configparams force-mem-access 0
----------------End of Script----------------

14:42:27 INFO  : Memory regions updated for context APU
14:42:27 INFO  : Context for processor 'ps7_cortexa9_0' is selected.
14:42:27 INFO  : 'con' command is executed.
14:42:27 INFO  : ----------------XSDB Script (After Launch)----------------
targets -set -nocase -filter {name =~ "ARM*#0" && jtag_cable_name =~ "Digilent JTAG-HS2 201706300081"} -index 0
con
----------------End of Script----------------

14:42:27 INFO  : Launch script is exported to file 'G:\eda-project\double_ov5640\double_ov5640.sdk\.sdk\launch_scripts\xilinx_c-c++_application_(system_debugger)\system_debugger_on_local.tcl'
14:43:30 INFO  : Connected to target on host '127.0.0.1' and port '3121'.
14:43:30 INFO  : 'targets -set -filter {jtag_cable_name =~ "Digilent JTAG-HS2 201706300081" && level==0} -index 1' command is executed.
14:43:33 INFO  : FPGA configured successfully with bitstream "G:/eda-project/double_ov5640/double_ov5640.sdk/design_1_wrapper_hw_platform_0/design_1_wrapper.bit"
14:43:45 INFO  : Connected to target on host '127.0.0.1' and port '3121'.
14:43:45 INFO  : 'targets -set -filter {jtag_cable_name =~ "Digilent JTAG-HS2 201706300081" && level==0} -index 1' command is executed.
14:43:48 INFO  : FPGA configured successfully with bitstream "G:/eda-project/double_ov5640/double_ov5640.sdk/design_1_wrapper_hw_platform_1/design_1_wrapper.bit"
14:44:02 INFO  : Disconnected from the channel tcfchan#8.
14:44:03 INFO  : Connected to target on host '127.0.0.1' and port '3121'.
14:44:03 INFO  : Jtag cable 'Digilent JTAG-HS2 201706300081' is selected.
14:44:03 INFO  : 'jtag frequency' command is executed.
14:44:03 INFO  : Sourcing of 'G:/eda-project/double_ov5640/double_ov5640.sdk/design_1_wrapper_hw_platform_0/ps7_init.tcl' is done.
14:44:03 INFO  : Context for 'APU' is selected.
14:44:03 INFO  : System reset is completed.
14:44:06 INFO  : 'after 3000' command is executed.
14:44:07 INFO  : 'targets -set -filter {jtag_cable_name =~ "Digilent JTAG-HS2 201706300081" && level==0} -index 1' command is executed.
14:44:10 INFO  : FPGA configured successfully with bitstream "G:/eda-project/double_ov5640/double_ov5640.sdk/design_1_wrapper_hw_platform_0/design_1_wrapper.bit"
14:44:10 INFO  : Context for 'APU' is selected.
14:44:10 INFO  : Hardware design information is loaded from 'G:/eda-project/double_ov5640/double_ov5640.sdk/design_1_wrapper_hw_platform_0/system.hdf'.
14:44:10 INFO  : 'configparams force-mem-access 1' command is executed.
14:44:10 INFO  : Context for 'APU' is selected.
14:44:11 INFO  : 'ps7_init' command is executed.
14:44:11 INFO  : 'ps7_post_config' command is executed.
14:44:11 INFO  : Context for processor 'ps7_cortexa9_0' is selected.
14:44:11 INFO  : The application 'G:/eda-project/double_ov5640/double_ov5640.sdk/double_ov5640/Debug/double_ov5640.elf' is downloaded to processor 'ps7_cortexa9_0'.
14:44:11 INFO  : 'configparams force-mem-access 0' command is executed.
14:44:11 INFO  : ----------------XSDB Script----------------
connect -url tcp:127.0.0.1:3121
source G:/eda-project/double_ov5640/double_ov5640.sdk/design_1_wrapper_hw_platform_0/ps7_init.tcl
targets -set -nocase -filter {name =~"APU*" && jtag_cable_name =~ "Digilent JTAG-HS2 201706300081"} -index 0
rst -system
after 3000
targets -set -filter {jtag_cable_name =~ "Digilent JTAG-HS2 201706300081" && level==0} -index 1
fpga -file G:/eda-project/double_ov5640/double_ov5640.sdk/design_1_wrapper_hw_platform_0/design_1_wrapper.bit
targets -set -nocase -filter {name =~"APU*" && jtag_cable_name =~ "Digilent JTAG-HS2 201706300081"} -index 0
loadhw -hw G:/eda-project/double_ov5640/double_ov5640.sdk/design_1_wrapper_hw_platform_0/system.hdf -mem-ranges [list {0x40000000 0xbfffffff}]
configparams force-mem-access 1
targets -set -nocase -filter {name =~"APU*" && jtag_cable_name =~ "Digilent JTAG-HS2 201706300081"} -index 0
ps7_init
ps7_post_config
targets -set -nocase -filter {name =~ "ARM*#0" && jtag_cable_name =~ "Digilent JTAG-HS2 201706300081"} -index 0
dow G:/eda-project/double_ov5640/double_ov5640.sdk/double_ov5640/Debug/double_ov5640.elf
configparams force-mem-access 0
----------------End of Script----------------

14:44:11 INFO  : Memory regions updated for context APU
14:44:11 INFO  : Context for processor 'ps7_cortexa9_0' is selected.
14:44:11 INFO  : 'con' command is executed.
14:44:11 INFO  : ----------------XSDB Script (After Launch)----------------
targets -set -nocase -filter {name =~ "ARM*#0" && jtag_cable_name =~ "Digilent JTAG-HS2 201706300081"} -index 0
con
----------------End of Script----------------

14:44:11 INFO  : Launch script is exported to file 'G:\eda-project\double_ov5640\double_ov5640.sdk\.sdk\launch_scripts\xilinx_c-c++_application_(system_debugger)\system_debugger_on_local.tcl'
14:44:58 INFO  : Disconnected from the channel tcfchan#9.
14:44:59 INFO  : Connected to target on host '127.0.0.1' and port '3121'.
14:44:59 INFO  : Jtag cable 'Digilent JTAG-HS2 201706300081' is selected.
14:44:59 INFO  : 'jtag frequency' command is executed.
14:44:59 INFO  : Sourcing of 'G:/eda-project/double_ov5640/double_ov5640.sdk/design_1_wrapper_hw_platform_0/ps7_init.tcl' is done.
14:44:59 INFO  : Context for 'APU' is selected.
14:45:00 INFO  : System reset is completed.
14:45:03 INFO  : 'after 3000' command is executed.
14:45:03 INFO  : 'targets -set -filter {jtag_cable_name =~ "Digilent JTAG-HS2 201706300081" && level==0} -index 1' command is executed.
14:45:06 INFO  : FPGA configured successfully with bitstream "G:/eda-project/double_ov5640/double_ov5640.sdk/design_1_wrapper_hw_platform_0/design_1_wrapper.bit"
14:45:06 INFO  : Context for 'APU' is selected.
14:45:06 INFO  : Hardware design information is loaded from 'G:/eda-project/double_ov5640/double_ov5640.sdk/design_1_wrapper_hw_platform_0/system.hdf'.
14:45:06 INFO  : 'configparams force-mem-access 1' command is executed.
14:45:06 INFO  : Context for 'APU' is selected.
14:45:06 INFO  : 'ps7_init' command is executed.
14:45:06 INFO  : 'ps7_post_config' command is executed.
14:45:07 INFO  : Context for processor 'ps7_cortexa9_0' is selected.
14:45:07 INFO  : The application 'G:/eda-project/double_ov5640/double_ov5640.sdk/double_ov5640/Debug/double_ov5640.elf' is downloaded to processor 'ps7_cortexa9_0'.
14:45:07 INFO  : 'configparams force-mem-access 0' command is executed.
14:45:07 INFO  : ----------------XSDB Script----------------
connect -url tcp:127.0.0.1:3121
source G:/eda-project/double_ov5640/double_ov5640.sdk/design_1_wrapper_hw_platform_0/ps7_init.tcl
targets -set -nocase -filter {name =~"APU*" && jtag_cable_name =~ "Digilent JTAG-HS2 201706300081"} -index 0
rst -system
after 3000
targets -set -filter {jtag_cable_name =~ "Digilent JTAG-HS2 201706300081" && level==0} -index 1
fpga -file G:/eda-project/double_ov5640/double_ov5640.sdk/design_1_wrapper_hw_platform_0/design_1_wrapper.bit
targets -set -nocase -filter {name =~"APU*" && jtag_cable_name =~ "Digilent JTAG-HS2 201706300081"} -index 0
loadhw -hw G:/eda-project/double_ov5640/double_ov5640.sdk/design_1_wrapper_hw_platform_0/system.hdf -mem-ranges [list {0x40000000 0xbfffffff}]
configparams force-mem-access 1
targets -set -nocase -filter {name =~"APU*" && jtag_cable_name =~ "Digilent JTAG-HS2 201706300081"} -index 0
ps7_init
ps7_post_config
targets -set -nocase -filter {name =~ "ARM*#0" && jtag_cable_name =~ "Digilent JTAG-HS2 201706300081"} -index 0
dow G:/eda-project/double_ov5640/double_ov5640.sdk/double_ov5640/Debug/double_ov5640.elf
configparams force-mem-access 0
----------------End of Script----------------

14:45:07 INFO  : Memory regions updated for context APU
14:45:07 INFO  : Context for processor 'ps7_cortexa9_0' is selected.
14:45:07 INFO  : 'con' command is executed.
14:45:07 INFO  : ----------------XSDB Script (After Launch)----------------
targets -set -nocase -filter {name =~ "ARM*#0" && jtag_cable_name =~ "Digilent JTAG-HS2 201706300081"} -index 0
con
----------------End of Script----------------

14:45:07 INFO  : Launch script is exported to file 'G:\eda-project\double_ov5640\double_ov5640.sdk\.sdk\launch_scripts\xilinx_c-c++_application_(system_debugger)\system_debugger_on_local.tcl'
14:56:49 INFO  : Disconnected from the channel tcfchan#10.
14:56:50 INFO  : Connected to target on host '127.0.0.1' and port '3121'.
14:56:51 INFO  : Jtag cable 'Digilent JTAG-HS2 201706300081' is selected.
14:56:51 INFO  : 'jtag frequency' command is executed.
14:56:51 INFO  : Sourcing of 'G:/eda-project/double_ov5640/double_ov5640.sdk/design_1_wrapper_hw_platform_0/ps7_init.tcl' is done.
14:56:51 INFO  : Context for 'APU' is selected.
14:56:51 INFO  : System reset is completed.
14:56:54 INFO  : 'after 3000' command is executed.
14:56:54 INFO  : 'targets -set -filter {jtag_cable_name =~ "Digilent JTAG-HS2 201706300081" && level==0} -index 1' command is executed.
14:56:57 INFO  : FPGA configured successfully with bitstream "G:/eda-project/double_ov5640/double_ov5640.sdk/design_1_wrapper_hw_platform_0/design_1_wrapper.bit"
14:56:57 INFO  : Context for 'APU' is selected.
14:56:57 INFO  : Hardware design information is loaded from 'G:/eda-project/double_ov5640/double_ov5640.sdk/design_1_wrapper_hw_platform_0/system.hdf'.
14:56:57 INFO  : 'configparams force-mem-access 1' command is executed.
14:56:58 INFO  : Context for 'APU' is selected.
14:56:58 INFO  : 'ps7_init' command is executed.
14:56:58 INFO  : 'ps7_post_config' command is executed.
14:56:58 INFO  : Context for processor 'ps7_cortexa9_0' is selected.
14:56:58 INFO  : The application 'G:/eda-project/double_ov5640/double_ov5640.sdk/double_ov5640/Debug/double_ov5640.elf' is downloaded to processor 'ps7_cortexa9_0'.
14:56:59 INFO  : 'configparams force-mem-access 0' command is executed.
14:56:59 INFO  : ----------------XSDB Script----------------
connect -url tcp:127.0.0.1:3121
source G:/eda-project/double_ov5640/double_ov5640.sdk/design_1_wrapper_hw_platform_0/ps7_init.tcl
targets -set -nocase -filter {name =~"APU*" && jtag_cable_name =~ "Digilent JTAG-HS2 201706300081"} -index 0
rst -system
after 3000
targets -set -filter {jtag_cable_name =~ "Digilent JTAG-HS2 201706300081" && level==0} -index 1
fpga -file G:/eda-project/double_ov5640/double_ov5640.sdk/design_1_wrapper_hw_platform_0/design_1_wrapper.bit
targets -set -nocase -filter {name =~"APU*" && jtag_cable_name =~ "Digilent JTAG-HS2 201706300081"} -index 0
loadhw -hw G:/eda-project/double_ov5640/double_ov5640.sdk/design_1_wrapper_hw_platform_0/system.hdf -mem-ranges [list {0x40000000 0xbfffffff}]
configparams force-mem-access 1
targets -set -nocase -filter {name =~"APU*" && jtag_cable_name =~ "Digilent JTAG-HS2 201706300081"} -index 0
ps7_init
ps7_post_config
targets -set -nocase -filter {name =~ "ARM*#0" && jtag_cable_name =~ "Digilent JTAG-HS2 201706300081"} -index 0
dow G:/eda-project/double_ov5640/double_ov5640.sdk/double_ov5640/Debug/double_ov5640.elf
configparams force-mem-access 0
----------------End of Script----------------

14:56:59 INFO  : Memory regions updated for context APU
14:56:59 INFO  : Context for processor 'ps7_cortexa9_0' is selected.
14:56:59 INFO  : 'con' command is executed.
14:56:59 INFO  : ----------------XSDB Script (After Launch)----------------
targets -set -nocase -filter {name =~ "ARM*#0" && jtag_cable_name =~ "Digilent JTAG-HS2 201706300081"} -index 0
con
----------------End of Script----------------

14:56:59 INFO  : Launch script is exported to file 'G:\eda-project\double_ov5640\double_ov5640.sdk\.sdk\launch_scripts\xilinx_c-c++_application_(system_debugger)\system_debugger_on_local.tcl'
14:59:31 INFO  : Disconnected from the channel tcfchan#11.
