Vivado Simulator 2018.3
Copyright 1986-1999, 2001-2018 Xilinx, Inc. All Rights Reserved.
Running: G:/tool/Vivado/2018.3/bin/unwrapped/win64.o/xelab.exe -wto dd024f5ead4d4bba832a3fe5bc2fa5d3 --incr --debug typical --relax --mt 2 -L v_vid_in_axi4s_v4_0_9 -L xil_defaultlib -L axi_infrastructure_v1_1_0 -L axi_vip_v1_1_4 -L processing_system7_vip_v1_0_6 -L util_vector_logic_v2_0_1 -L lib_cdc_v1_0_2 -L lib_pkg_v1_0_2 -L fifo_generator_v13_2_3 -L lib_fifo_v1_0_12 -L blk_mem_gen_v8_4_2 -L lib_bmg_v1_0_11 -L lib_srl_fifo_v1_0_2 -L axi_datamover_v5_1_20 -L axi_vdma_v6_3_6 -L axi_lite_ipif_v3_0_4 -L v_tc_v6_1_13 -L v_axi4s_vid_out_v4_0_10 -L proc_sys_reset_v5_0_13 -L xlconstant_v1_1_5 -L smartconnect_v1_0 -L v_osd_v6_0_16 -L generic_baseblocks_v2_1_0 -L axi_register_slice_v2_1_18 -L axi_data_fifo_v2_1_17 -L axi_crossbar_v2_1_19 -L axi_protocol_converter_v2_1_18 -L xilinx_vip -L unisims_ver -L unimacro_ver -L secureip -L xpm --snapshot design_1_wrapper_behav xil_defaultlib.design_1_wrapper xil_defaultlib.glbl -log elaborate.log 
Using 2 slave threads.
Starting static elaboration
WARNING: [VRFC 10-1393] static function called recursively - might cause difference in behavior across tools [/proj/xbuilds/2018.3_1207_2324/infra/XSIM/lin/.cxl.ip/incl/axi_vdma_v6_3_6.vh:111]
WARNING: [VRFC 10-1393] static function called recursively - might cause difference in behavior across tools [/proj/xbuilds/2018.3_1207_2324/infra/XSIM/lin/.cxl.ip/incl/axi_vdma_v6_3_6.vh:111]
WARNING: [VRFC 10-1393] static function called recursively - might cause difference in behavior across tools [/proj/xbuilds/2018.3_1207_2324/infra/XSIM/lin/.cxl.ip/incl/axi_vdma_v6_3_6.vh:111]
WARNING: [VRFC 10-3091] actual bit length 128 differs from formal bit length 64 for port 'WR_DATA_STRB' [/proj/xbuilds/2018.3_1207_2324/infra/XSIM/lin/.cxl.ip/incl/processing_system7_vip_v1_0_6_axi_gp.v:208]
WARNING: [VRFC 10-3091] actual bit length 12 differs from formal bit length 6 for port 'm_axi_bid' [/wrk/2018.3/nightly/2018_12_06_2405991/packages/customer/vivado/data/ip/xilinx/processing_system7_vip_v1_0/hdl/processing_system7_vip_v1_0_vl_rfs.sv:5463]
WARNING: [VRFC 10-3091] actual bit length 12 differs from formal bit length 6 for port 'm_axi_rid' [/wrk/2018.3/nightly/2018_12_06_2405991/packages/customer/vivado/data/ip/xilinx/processing_system7_vip_v1_0/hdl/processing_system7_vip_v1_0_vl_rfs.sv:5481]
WARNING: [VRFC 10-3091] actual bit length 128 differs from formal bit length 64 for port 'WR_DATA_STRB' [/proj/xbuilds/2018.3_1207_2324/infra/XSIM/lin/.cxl.ip/incl/processing_system7_vip_v1_0_6_axi_gp.v:292]
WARNING: [VRFC 10-3091] actual bit length 8 differs from formal bit length 9 for port 'WR_BYTES' [/proj/xbuilds/2018.3_1207_2324/infra/XSIM/lin/.cxl.ip/incl/processing_system7_vip_v1_0_6_axi_hp.v:80]
WARNING: [VRFC 10-3091] actual bit length 8 differs from formal bit length 9 for port 'RD_BYTES' [/proj/xbuilds/2018.3_1207_2324/infra/XSIM/lin/.cxl.ip/incl/processing_system7_vip_v1_0_6_axi_hp.v:89]
WARNING: [VRFC 10-3091] actual bit length 12 differs from formal bit length 6 for port 'm_axi_bid' [/wrk/2018.3/nightly/2018_12_06_2405991/packages/customer/vivado/data/ip/xilinx/processing_system7_vip_v1_0/hdl/processing_system7_vip_v1_0_vl_rfs.sv:10170]
WARNING: [VRFC 10-3091] actual bit length 12 differs from formal bit length 6 for port 'm_axi_rid' [/wrk/2018.3/nightly/2018_12_06_2405991/packages/customer/vivado/data/ip/xilinx/processing_system7_vip_v1_0/hdl/processing_system7_vip_v1_0_vl_rfs.sv:10188]
WARNING: [VRFC 10-3091] actual bit length 32 differs from formal bit length 64 for port 'm_axi_rdata' [/wrk/2018.3/nightly/2018_12_06_2405991/packages/customer/vivado/data/ip/xilinx/processing_system7_vip_v1_0/hdl/processing_system7_vip_v1_0_vl_rfs.sv:10189]
WARNING: [VRFC 10-3091] actual bit length 8 differs from formal bit length 9 for port 'WR_BYTES' [/proj/xbuilds/2018.3_1207_2324/infra/XSIM/lin/.cxl.ip/incl/processing_system7_vip_v1_0_6_axi_hp.v:165]
WARNING: [VRFC 10-3091] actual bit length 8 differs from formal bit length 9 for port 'RD_BYTES' [/proj/xbuilds/2018.3_1207_2324/infra/XSIM/lin/.cxl.ip/incl/processing_system7_vip_v1_0_6_axi_hp.v:174]
WARNING: [VRFC 10-3091] actual bit length 8 differs from formal bit length 9 for port 'WR_BYTES' [/proj/xbuilds/2018.3_1207_2324/infra/XSIM/lin/.cxl.ip/incl/processing_system7_vip_v1_0_6_axi_hp.v:251]
WARNING: [VRFC 10-3091] actual bit length 8 differs from formal bit length 9 for port 'RD_BYTES' [/proj/xbuilds/2018.3_1207_2324/infra/XSIM/lin/.cxl.ip/incl/processing_system7_vip_v1_0_6_axi_hp.v:260]
WARNING: [VRFC 10-3091] actual bit length 8 differs from formal bit length 9 for port 'WR_BYTES' [/proj/xbuilds/2018.3_1207_2324/infra/XSIM/lin/.cxl.ip/incl/processing_system7_vip_v1_0_6_axi_hp.v:337]
WARNING: [VRFC 10-3091] actual bit length 8 differs from formal bit length 9 for port 'RD_BYTES' [/proj/xbuilds/2018.3_1207_2324/infra/XSIM/lin/.cxl.ip/incl/processing_system7_vip_v1_0_6_axi_hp.v:346]
WARNING: [VRFC 10-3091] actual bit length 12 differs from formal bit length 3 for port 'm_axi_bid' [/wrk/2018.3/nightly/2018_12_06_2405991/packages/customer/vivado/data/ip/xilinx/processing_system7_vip_v1_0/hdl/processing_system7_vip_v1_0_vl_rfs.sv:7074]
WARNING: [VRFC 10-3091] actual bit length 12 differs from formal bit length 3 for port 'm_axi_rid' [/wrk/2018.3/nightly/2018_12_06_2405991/packages/customer/vivado/data/ip/xilinx/processing_system7_vip_v1_0/hdl/processing_system7_vip_v1_0_vl_rfs.sv:7092]
WARNING: [VRFC 10-3091] actual bit length 32 differs from formal bit length 64 for port 'm_axi_rdata' [/wrk/2018.3/nightly/2018_12_06_2405991/packages/customer/vivado/data/ip/xilinx/processing_system7_vip_v1_0/hdl/processing_system7_vip_v1_0_vl_rfs.sv:7093]
WARNING: [VRFC 10-3027] 'ocm_wr_strb_port0' was previously declared with a different range [/wrk/2018.3/nightly/2018_12_06_2405991/packages/customer/vivado/data/ip/xilinx/processing_system7_vip_v1_0/hdl/processing_system7_vip_v1_0_vl_rfs.sv:3726]
WARNING: [VRFC 10-3283] element index 64 into 'wrp_strb' is out of bounds [/wrk/2018.3/nightly/2018_12_06_2405991/packages/customer/vivado/data/ip/xilinx/processing_system7_vip_v1_0/hdl/processing_system7_vip_v1_0_vl_rfs.sv:6051]
WARNING: [VRFC 10-3283] element index 128 into 'wrp_strb' is out of bounds [/wrk/2018.3/nightly/2018_12_06_2405991/packages/customer/vivado/data/ip/xilinx/processing_system7_vip_v1_0/hdl/processing_system7_vip_v1_0_vl_rfs.sv:10811]
WARNING: [VRFC 10-3283] element index 128 into 'wrp_strb' is out of bounds [/wrk/2018.3/nightly/2018_12_06_2405991/packages/customer/vivado/data/ip/xilinx/processing_system7_vip_v1_0/hdl/processing_system7_vip_v1_0_vl_rfs.sv:7689]
WARNING: [VRFC 10-3705] select index 4 into 'wr_fifo_rd_ptr' is out of bounds [/wrk/2018.3/nightly/2018_12_06_2405991/packages/customer/vivado/data/ip/xilinx/processing_system7_vip_v1_0/hdl/processing_system7_vip_v1_0_vl_rfs.sv:7902]
WARNING: [VRFC 10-3705] select index 4 into 'ar_cnt' is out of bounds [/wrk/2018.3/nightly/2018_12_06_2405991/packages/customer/vivado/data/ip/xilinx/processing_system7_vip_v1_0/hdl/processing_system7_vip_v1_0_vl_rfs.sv:8041]
WARNING: [VRFC 10-3705] select index 4 into 'wr_rresp_cnt' is out of bounds [/wrk/2018.3/nightly/2018_12_06_2405991/packages/customer/vivado/data/ip/xilinx/processing_system7_vip_v1_0/hdl/processing_system7_vip_v1_0_vl_rfs.sv:8138]
WARNING: [VRFC 10-3705] select index 4 into 'rd_fifo_wr_ptr' is out of bounds [/wrk/2018.3/nightly/2018_12_06_2405991/packages/customer/vivado/data/ip/xilinx/processing_system7_vip_v1_0/hdl/processing_system7_vip_v1_0_vl_rfs.sv:8157]
WARNING: [VRFC 10-3705] select index 4 into 'rd_cnt' is out of bounds [/wrk/2018.3/nightly/2018_12_06_2405991/packages/customer/vivado/data/ip/xilinx/processing_system7_vip_v1_0/hdl/processing_system7_vip_v1_0_vl_rfs.sv:8298]
WARNING: [VRFC 10-3705] select index 4 into 'rresp_time_cnt' is out of bounds [/wrk/2018.3/nightly/2018_12_06_2405991/packages/customer/vivado/data/ip/xilinx/processing_system7_vip_v1_0/hdl/processing_system7_vip_v1_0_vl_rfs.sv:8303]
WARNING: [VRFC 10-3705] select index 4 into 'rd_fifo_rd_ptr' is out of bounds [/wrk/2018.3/nightly/2018_12_06_2405991/packages/customer/vivado/data/ip/xilinx/processing_system7_vip_v1_0/hdl/processing_system7_vip_v1_0_vl_rfs.sv:8308]
Completed static elaboration
Starting simulation data flow analysis
Completed simulation data flow analysis
Time Resolution for simulation is 1ps
Compiling package std.standard
Compiling package std.textio
Compiling package ieee.std_logic_1164
Compiling package ieee.numeric_std
Compiling package unisim.vcomponents
Compiling package ieee.vital_timing
Compiling package ieee.vital_primitives
Compiling package unisim.vpkg
Compiling package ieee.std_logic_arith
Compiling package synopsys.attributes
Compiling package ieee.std_logic_misc
Compiling package ieee.std_logic_unsigned
Compiling package lib_pkg_v1_0_2.lib_pkg
Compiling package axi_vdma_v6_3_6.axi_vdma_pkg
Compiling package xpm.vcomponents
Compiling package ieee.std_logic_signed
Compiling package v_tc_v6_1_13.video_ctrl_pkg
Compiling package v_tc_v6_1_13.hwt_pkg
Compiling package axi_lite_ipif_v3_0_4.ipif_pkg
Compiling package v_osd_v6_0_16.osd_package
Compiling package v_osd_v6_0_16.memxlib_utils
Compiling package v_osd_v6_0_16.osd_meminit_package
Compiling package smartconnect_v1_0.sc_util_v1_0_4_pkg
Compiling package xilinx_vip.axi_vip_pkg
Compiling package xilinx_vip.xil_common_vip_pkg
Compiling package std.std
Compiling module xlconstant_v1_1_5.xlconstant_v1_1_5_xlconstant(CON...
Compiling module xil_defaultlib.bd_afc3_one_0
Compiling architecture fdre_v of entity unisim.FDRE [fdre_default]
Compiling architecture fdre_v of entity unisim.FDRE [\FDRE(init='1')\]
Compiling architecture fdr_v of entity unisim.FDR [fdr_default]
Compiling architecture implementation of entity lib_cdc_v1_0_2.cdc_sync [\cdc_sync(c_vector_width=2,c_mtb...]
Compiling architecture srl16e_v of entity unisim.SRL16E [\SRL16E(init="1111111111111111")...]
Compiling architecture srl16_v of entity unisim.SRL16 [\SRL16(init="1111111111111111")(...]
Compiling architecture imp of entity proc_sys_reset_v5_0_13.lpf [\lpf(c_ext_rst_width=4,c_aux_rst...]
Compiling architecture imp of entity proc_sys_reset_v5_0_13.upcnt_n [\upcnt_n(c_size=6)\]
Compiling architecture imp of entity proc_sys_reset_v5_0_13.sequence_psr [sequence_psr_default]
Compiling architecture imp of entity proc_sys_reset_v5_0_13.proc_sys_reset [\proc_sys_reset(c_family="zynq",...]
Compiling architecture bd_afc3_psr_aclk_0_arch of entity xil_defaultlib.bd_afc3_psr_aclk_0 [bd_afc3_psr_aclk_0_default]
Compiling module xil_defaultlib.clk_map_imp_5Y9LOC
Compiling module smartconnect_v1_0.sc_util_v1_0_4_srl_rtl(C_A_WIDTH...
Compiling module smartconnect_v1_0.sc_util_v1_0_4_axic_reg_srl_fifo...
Compiling module smartconnect_v1_0.sc_util_v1_0_4_axic_reg_srl_fifo...
Compiling module smartconnect_v1_0.sc_util_v1_0_4_axic_reg_srl_fifo...
Compiling module smartconnect_v1_0.sc_util_v1_0_4_axi2vector(C_ID_W...
Compiling module smartconnect_v1_0.sc_util_v1_0_4_vector2axi(C_RDAT...
Compiling module smartconnect_v1_0.sc_util_v1_0_4_axi_reg_stall(C_R...
Compiling module smartconnect_v1_0.sc_util_v1_0_4_axi_reg_stall_def...
Compiling module smartconnect_v1_0.sc_exit_v1_0_8_axi3_conv(C_ID_WI...
Compiling module smartconnect_v1_0.sc_exit_v1_0_8_splitter(C_RDATA_...
Compiling module smartconnect_v1_0.sc_util_v1_0_4_axic_reg_srl_fifo...
Compiling module smartconnect_v1_0.sc_util_v1_0_4_axic_reg_srl_fifo...
Compiling module smartconnect_v1_0.sc_exit_v1_0_8_exit(C_FAMILY="zy...
Compiling module smartconnect_v1_0.sc_util_v1_0_4_axi2vector(C_RDAT...
Compiling module smartconnect_v1_0.sc_util_v1_0_4_vector2axi(C_RDAT...
Compiling module smartconnect_v1_0.sc_exit_v1_0_8_top(C_FAMILY="zyn...
Compiling module xil_defaultlib.bd_afc3_m00e_0
Compiling module xil_defaultlib.m00_exit_pipeline_imp_1TZX5BB
Compiling module smartconnect_v1_0.sc_util_v1_0_4_axic_register_sli...
Compiling module smartconnect_v1_0.sc_util_v1_0_4_pipeline_default
Compiling module smartconnect_v1_0.sc_util_v1_0_4_counter(C_WIDTH=2...
Compiling module smartconnect_v1_0.sc_node_v1_0_10_arb_alg_rr(C_NUM...
Compiling module smartconnect_v1_0.sc_node_v1_0_10_si_handler(C_NUM...
Compiling module smartconnect_v1_0.sc_util_v1_0_4_pipeline(C_DEPTH=...
Compiling module smartconnect_v1_0.sc_util_v1_0_4_pipeline(C_DWIDTH...
Compiling module smartconnect_v1_0.sc_util_v1_0_4_pipeline(C_DWIDTH...
Compiling module smartconnect_v1_0.sc_util_v1_0_4_pipeline(C_DWIDTH...
Compiling module smartconnect_v1_0.sc_util_v1_0_4_onehot_to_binary(...
Compiling module smartconnect_v1_0.sc_util_v1_0_4_counter_default
Compiling module smartconnect_v1_0.sc_node_v1_0_10_ingress(C_NUM_SI...
Compiling module xpm.xpm_memory_base(MEMORY_TYPE=1,ME...
Compiling module xpm.xpm_memory_sdpram(MEMORY_SIZE=32...
Compiling module smartconnect_v1_0.sc_util_v1_0_4_counter(C_WIDTH=6...
Compiling module smartconnect_v1_0.sc_util_v1_0_4_counter(C_WIDTH=6...
Compiling module smartconnect_v1_0.sc_util_v1_0_4_xpm_memory_fifo(C...
Compiling module smartconnect_v1_0.sc_node_v1_0_10_fifo(C_FAMILY="z...
Compiling module smartconnect_v1_0.sc_node_v1_0_10_reg_slice3(C_PAY...
Compiling module smartconnect_v1_0.sc_util_v1_0_4_pipeline(C_DEPTH=...
Compiling module xpm.xpm_memory_base(MEMORY_TYPE=1,ME...
Compiling module xpm.xpm_memory_sdpram(MEMORY_SIZE=50...
Compiling module smartconnect_v1_0.sc_util_v1_0_4_xpm_memory_fifo(C...
Compiling module smartconnect_v1_0.sc_node_v1_0_10_fifo(C_FAMILY="z...
Compiling module smartconnect_v1_0.sc_node_v1_0_10_egress(C_NODE_PA...
Compiling module smartconnect_v1_0.sc_node_v1_0_10_mi_handler(C_NUM...
Compiling module smartconnect_v1_0.sc_node_v1_0_10_top(C_FAMILY="zy...
Compiling module xil_defaultlib.bd_afc3_m00arn_0
Compiling module smartconnect_v1_0.sc_util_v1_0_4_axic_reg_srl_fifo...
Compiling module smartconnect_v1_0.sc_node_v1_0_10_si_handler(C_NUM...
Compiling module smartconnect_v1_0.sc_node_v1_0_10_ingress(C_NUM_SI...
Compiling module smartconnect_v1_0.sc_node_v1_0_10_egress(C_NODE_PA...
Compiling module smartconnect_v1_0.sc_node_v1_0_10_mi_handler(C_NUM...
Compiling module smartconnect_v1_0.sc_node_v1_0_10_top(C_FAMILY="zy...
Compiling module xil_defaultlib.bd_afc3_m00awn_0
Compiling module smartconnect_v1_0.sc_node_v1_0_10_si_handler(C_NUM...
Compiling module smartconnect_v1_0.sc_util_v1_0_4_pipeline(C_DWIDTH...
Compiling module smartconnect_v1_0.sc_util_v1_0_4_onehot_to_binary(...
Compiling module smartconnect_v1_0.sc_node_v1_0_10_ingress(C_PAYLD_...
Compiling module xpm.xpm_memory_base(MEMORY_TYPE=1,ME...
Compiling module xpm.xpm_memory_sdpram(MEMORY_SIZE=67...
Compiling module smartconnect_v1_0.sc_util_v1_0_4_xpm_memory_fifo(C...
Compiling module smartconnect_v1_0.sc_node_v1_0_10_fifo(C_FAMILY="z...
Compiling module smartconnect_v1_0.sc_node_v1_0_10_reg_slice3(C_PAY...
Compiling module xpm.xpm_memory_base(MEMORY_TYPE=1,ME...
Compiling module xpm.xpm_memory_sdpram(MEMORY_SIZE=28...
Compiling module smartconnect_v1_0.sc_util_v1_0_4_xpm_memory_fifo(C...
Compiling module smartconnect_v1_0.sc_node_v1_0_10_fifo(C_FAMILY="z...
Compiling module smartconnect_v1_0.sc_node_v1_0_10_egress(C_NODE_PA...
Compiling module smartconnect_v1_0.sc_node_v1_0_10_mi_handler(C_NUM...
Compiling module smartconnect_v1_0.sc_node_v1_0_10_top(C_FAMILY="zy...
Compiling module xil_defaultlib.bd_afc3_m00bn_0
Compiling module smartconnect_v1_0.sc_node_v1_0_10_si_handler(C_NUM...
Compiling module smartconnect_v1_0.sc_util_v1_0_4_pipeline(C_DWIDTH...
Compiling module smartconnect_v1_0.sc_node_v1_0_10_ingress(C_PAYLD_...
Compiling module xpm.xpm_memory_base(MEMORY_TYPE=1,ME...
Compiling module xpm.xpm_memory_sdpram(MEMORY_SIZE=27...
Compiling module smartconnect_v1_0.sc_util_v1_0_4_xpm_memory_fifo(C...
Compiling module smartconnect_v1_0.sc_node_v1_0_10_fifo(C_FAMILY="z...
Compiling module smartconnect_v1_0.sc_node_v1_0_10_egress(C_NODE_PA...
Compiling module smartconnect_v1_0.sc_node_v1_0_10_mi_handler(C_NUM...
Compiling module smartconnect_v1_0.sc_node_v1_0_10_top(C_FAMILY="zy...
Compiling module xil_defaultlib.bd_afc3_m00rn_0
Compiling module xpm.xpm_memory_base(MEMORY_TYPE=1,ME...
Compiling module xpm.xpm_memory_sdpram(MEMORY_SIZE=4,...
Compiling module smartconnect_v1_0.sc_util_v1_0_4_counter(C_WIDTH=3...
Compiling module smartconnect_v1_0.sc_util_v1_0_4_counter(C_WIDTH=3...
Compiling module smartconnect_v1_0.sc_util_v1_0_4_xpm_memory_fifo(C...
Compiling module smartconnect_v1_0.sc_node_v1_0_10_fifo(C_FAMILY="z...
Compiling module smartconnect_v1_0.sc_node_v1_0_10_si_handler(C_NUM...
Compiling module smartconnect_v1_0.sc_util_v1_0_4_pipeline(C_DWIDTH...
Compiling module smartconnect_v1_0.sc_node_v1_0_10_ingress(C_NUM_SI...
Compiling module xpm.xpm_memory_base(MEMORY_TYPE=1,ME...
Compiling module xpm.xpm_memory_sdpram(MEMORY_SIZE=34...
Compiling module smartconnect_v1_0.sc_util_v1_0_4_xpm_memory_fifo(C...
Compiling module smartconnect_v1_0.sc_node_v1_0_10_fifo(C_FAMILY="z...
Compiling module smartconnect_v1_0.sc_node_v1_0_10_egress(C_NODE_PA...
Compiling module smartconnect_v1_0.sc_node_v1_0_10_mi_handler(C_NUM...
Compiling module smartconnect_v1_0.sc_node_v1_0_10_top(C_FAMILY="zy...
Compiling module xil_defaultlib.bd_afc3_m00wn_0
Compiling module xil_defaultlib.m00_nodes_imp_1GOYQYZ
Compiling module smartconnect_v1_0.sc_sc2axi_v1_0_7_top(C_AXI_ID_WI...
Compiling module xil_defaultlib.bd_afc3_m00s2a_0
Compiling module smartconnect_v1_0.sc_axi2sc_v1_0_7_top(C_AXI_ID_WI...
Compiling module xil_defaultlib.bd_afc3_s00a2s_0
Compiling module smartconnect_v1_0.sc_mmu_v1_0_7_addr_decoder(C_FAM...
Compiling module smartconnect_v1_0.sc_mmu_v1_0_7_decerr_slave(C_AXI...
Compiling module smartconnect_v1_0.sc_util_v1_0_4_axi2vector(C_RDAT...
Compiling module smartconnect_v1_0.sc_util_v1_0_4_vector2axi(C_RDAT...
Compiling module smartconnect_v1_0.sc_mmu_v1_0_7_top(C_FAMILY="zynq...
Compiling module xil_defaultlib.bd_afc3_s00mmu_0
Compiling module smartconnect_v1_0.sc_util_v1_0_4_axic_reg_srl_fifo...
Compiling module smartconnect_v1_0.sc_si_converter_v1_0_7_splitter(...
Compiling module smartconnect_v1_0.sc_si_converter_v1_0_7_top(C_LIM...
Compiling module xil_defaultlib.bd_afc3_s00sic_0
Compiling module smartconnect_v1_0.sc_transaction_regulator_v1_0_8_...
Compiling module smartconnect_v1_0.sc_transaction_regulator_v1_0_8_...
Compiling module xil_defaultlib.bd_afc3_s00tr_0
Compiling module xil_defaultlib.s00_entry_pipeline_imp_USCCV8
Compiling module smartconnect_v1_0.sc_node_v1_0_10_si_handler(C_NUM...
Compiling module smartconnect_v1_0.sc_node_v1_0_10_ingress(C_PAYLD_...
Compiling module xpm.xpm_memory_base(MEMORY_TYPE=1,ME...
Compiling module xpm.xpm_memory_sdpram(MEMORY_SIZE=57...
Compiling module smartconnect_v1_0.sc_util_v1_0_4_xpm_memory_fifo(C...
Compiling module smartconnect_v1_0.sc_node_v1_0_10_fifo(C_FAMILY="z...
Compiling module smartconnect_v1_0.sc_node_v1_0_10_reg_slice3(C_PAY...
Compiling module xpm.xpm_memory_base(MEMORY_TYPE=1,ME...
Compiling module xpm.xpm_memory_sdpram(MEMORY_SIZE=44...
Compiling module smartconnect_v1_0.sc_util_v1_0_4_xpm_memory_fifo(C...
Compiling module smartconnect_v1_0.sc_node_v1_0_10_fifo(C_FAMILY="z...
Compiling module smartconnect_v1_0.sc_node_v1_0_10_egress(C_NODE_PA...
Compiling module smartconnect_v1_0.sc_node_v1_0_10_mi_handler(C_NUM...
Compiling module smartconnect_v1_0.sc_node_v1_0_10_top(C_FAMILY="zy...
Compiling module xil_defaultlib.bd_afc3_sarn_0
Compiling module smartconnect_v1_0.sc_node_v1_0_10_ingress(C_PAYLD_...
Compiling module xpm.xpm_memory_base(MEMORY_TYPE=1,ME...
Compiling module xpm.xpm_memory_sdpram(MEMORY_SIZE=33...
Compiling module smartconnect_v1_0.sc_util_v1_0_4_xpm_memory_fifo(C...
Compiling module smartconnect_v1_0.sc_node_v1_0_10_fifo(C_FAMILY="z...
Compiling module smartconnect_v1_0.sc_node_v1_0_10_egress(C_NODE_PA...
Compiling module smartconnect_v1_0.sc_node_v1_0_10_mi_handler(C_NUM...
Compiling module smartconnect_v1_0.sc_node_v1_0_10_top(C_FAMILY="zy...
Compiling module xil_defaultlib.bd_afc3_srn_0
Compiling module xil_defaultlib.s00_nodes_imp_Y7M43I
Compiling module xil_defaultlib.bd_afc3_s01a2s_0
Compiling module xil_defaultlib.bd_afc3_s01mmu_0
Compiling module xil_defaultlib.bd_afc3_s01sic_0
Compiling module smartconnect_v1_0.sc_transaction_regulator_v1_0_8_...
Compiling module xil_defaultlib.bd_afc3_s01tr_0
Compiling module xil_defaultlib.s01_entry_pipeline_imp_1W4H5O0
Compiling module smartconnect_v1_0.sc_node_v1_0_10_si_handler(C_NUM...
Compiling module smartconnect_v1_0.sc_node_v1_0_10_ingress(C_PAYLD_...
Compiling module smartconnect_v1_0.sc_node_v1_0_10_egress(C_NODE_PA...
Compiling module smartconnect_v1_0.sc_node_v1_0_10_mi_handler(C_NUM...
Compiling module smartconnect_v1_0.sc_node_v1_0_10_top(C_FAMILY="zy...
Compiling module xil_defaultlib.bd_afc3_sawn_0
Compiling module smartconnect_v1_0.sc_node_v1_0_10_ingress(C_PAYLD_...
Compiling module xpm.xpm_memory_base(MEMORY_TYPE=1,ME...
Compiling module xpm.xpm_memory_sdpram(MEMORY_SIZE=86...
Compiling module smartconnect_v1_0.sc_util_v1_0_4_xpm_memory_fifo(C...
Compiling module smartconnect_v1_0.sc_node_v1_0_10_fifo(C_FAMILY="z...
Compiling module smartconnect_v1_0.sc_node_v1_0_10_egress(C_NODE_PA...
Compiling module smartconnect_v1_0.sc_node_v1_0_10_mi_handler(C_NUM...
Compiling module smartconnect_v1_0.sc_node_v1_0_10_top(C_FAMILY="zy...
Compiling module xil_defaultlib.bd_afc3_sbn_0
Compiling module smartconnect_v1_0.sc_node_v1_0_10_si_handler(C_NUM...
Compiling module smartconnect_v1_0.sc_node_v1_0_10_ingress(C_PAYLD_...
Compiling module xpm.xpm_memory_base(MEMORY_TYPE=1,ME...
Compiling module xpm.xpm_memory_sdpram(MEMORY_SIZE=28...
Compiling module smartconnect_v1_0.sc_util_v1_0_4_xpm_memory_fifo(C...
Compiling module smartconnect_v1_0.sc_node_v1_0_10_fifo(C_FAMILY="z...
Compiling module smartconnect_v1_0.sc_node_v1_0_10_egress(C_NODE_PA...
Compiling module smartconnect_v1_0.sc_node_v1_0_10_mi_handler(C_NUM...
Compiling module smartconnect_v1_0.sc_node_v1_0_10_top(C_FAMILY="zy...
Compiling module xil_defaultlib.bd_afc3_swn_0
Compiling module xil_defaultlib.s01_nodes_imp_1RW0SI0
Compiling module xil_defaultlib.bd_afc3_s02a2s_0
Compiling module xil_defaultlib.bd_afc3_s02mmu_0
Compiling module xil_defaultlib.bd_afc3_s02sic_0
Compiling module smartconnect_v1_0.sc_transaction_regulator_v1_0_8_...
Compiling module xil_defaultlib.bd_afc3_s02tr_0
Compiling module xil_defaultlib.s02_entry_pipeline_imp_10GEI8D
Compiling module xil_defaultlib.bd_afc3_sarn_1
Compiling module xil_defaultlib.bd_afc3_srn_1
Compiling module xil_defaultlib.s02_nodes_imp_16RLGGJ
Compiling module xil_defaultlib.bd_afc3_s03a2s_0
Compiling module xil_defaultlib.bd_afc3_s03mmu_0
Compiling module xil_defaultlib.bd_afc3_s03sic_0
Compiling module smartconnect_v1_0.sc_transaction_regulator_v1_0_8_...
Compiling module xil_defaultlib.bd_afc3_s03tr_0
Compiling module xil_defaultlib.s03_entry_pipeline_imp_6ODKIH
Compiling module xil_defaultlib.bd_afc3_sawn_1
Compiling module xil_defaultlib.bd_afc3_sbn_1
Compiling module xil_defaultlib.bd_afc3_swn_1
Compiling module xil_defaultlib.s03_nodes_imp_1ZPGX1
Compiling module smartconnect_v1_0.sc_util_v1_0_4_onehot_to_binary(...
Compiling module smartconnect_v1_0.sc_util_v1_0_4_pipeline(C_DWIDTH...
Compiling module smartconnect_v1_0.sc_util_v1_0_4_mux(C_DWIDTH=140,...
Compiling module smartconnect_v1_0.sc_util_v1_0_4_pipeline(C_DWIDTH...
Compiling module smartconnect_v1_0.sc_switchboard_v1_0_6_top(C_PAYL...
Compiling module xil_defaultlib.bd_afc3_arsw_0
Compiling module xil_defaultlib.bd_afc3_awsw_0
Compiling module smartconnect_v1_0.sc_util_v1_0_4_onehot_to_binary(...
Compiling module smartconnect_v1_0.sc_util_v1_0_4_pipeline(C_DWIDTH...
Compiling module smartconnect_v1_0.sc_util_v1_0_4_mux(C_DWIDTH=9,C_...
Compiling module smartconnect_v1_0.sc_util_v1_0_4_pipeline(C_DWIDTH...
Compiling module smartconnect_v1_0.sc_switchboard_v1_0_6_top(C_PAYL...
Compiling module xil_defaultlib.bd_afc3_bsw_0
Compiling module smartconnect_v1_0.sc_util_v1_0_4_mux(C_DWIDTH=87,C...
Compiling module smartconnect_v1_0.sc_util_v1_0_4_pipeline(C_DWIDTH...
Compiling module smartconnect_v1_0.sc_switchboard_v1_0_6_top(C_PAYL...
Compiling module xil_defaultlib.bd_afc3_rsw_0
Compiling module smartconnect_v1_0.sc_util_v1_0_4_mux(C_DWIDTH=88,C...
Compiling module smartconnect_v1_0.sc_util_v1_0_4_pipeline(C_DWIDTH...
Compiling module smartconnect_v1_0.sc_switchboard_v1_0_6_top(C_PAYL...
Compiling module xil_defaultlib.bd_afc3_wsw_0
Compiling module xil_defaultlib.switchboards_imp_4N4PBE
Compiling module xil_defaultlib.bd_afc3
Compiling module xil_defaultlib.design_1_axi_smc_0
Compiling module axi_vdma_v6_3_6.axi_vdma_v6_3_6_axis_infrastruct...
Compiling module axi_vdma_v6_3_6.axi_vdma_v6_3_6_axis_register_sl...
Compiling module axi_vdma_v6_3_6.axi_vdma_v6_3_6_axis_infrastruct...
Compiling module axi_vdma_v6_3_6.axi_vdma_v6_3_6_axis_register_sl...
Compiling module axi_vdma_v6_3_6.axi_vdma_v6_3_6_axis_dwidth_conv...
Compiling module axi_vdma_v6_3_6.axi_vdma_v6_3_6_axis_dwidth_conv...
Compiling module axi_vdma_v6_3_6.axi_vdma_v6_3_6_axis_infrastruct...
Compiling module axi_vdma_v6_3_6.axi_vdma_v6_3_6_axis_register_sl...
Compiling module axi_vdma_v6_3_6.axi_vdma_v6_3_6_axis_infrastruct...
Compiling module axi_vdma_v6_3_6.axi_vdma_v6_3_6_axis_register_sl...
Compiling module axi_vdma_v6_3_6.axi_vdma_v6_3_6_axis_dwidth_conv...
Compiling architecture implementation of entity axi_vdma_v6_3_6.axi_vdma_mm2s_axis_dwidth_converter [\axi_vdma_mm2s_axis_dwidth_conve...]
Compiling architecture implementation of entity axi_vdma_v6_3_6.axi_vdma_sm [\axi_vdma_sm(c_include_sf=1,c_pr...]
Compiling architecture implementation of entity axi_vdma_v6_3_6.axi_vdma_cmdsts_if [\axi_vdma_cmdsts_if(c_include_s2...]
Compiling architecture implementation of entity axi_vdma_v6_3_6.axi_vdma_sts_mngr [axi_vdma_sts_mngr_default]
Compiling architecture implementation of entity axi_vdma_v6_3_6.axi_vdma_vregister [\axi_vdma_vregister(c_num_fstore...]
Compiling architecture implementation of entity axi_vdma_v6_3_6.axi_vdma_vaddrreg_mux [\axi_vdma_vaddrreg_mux(c_num_fst...]
Compiling architecture implementation of entity axi_vdma_v6_3_6.axi_vdma_vidreg_module [\axi_vdma_vidreg_module(c_includ...]
Compiling architecture implementation of entity axi_vdma_v6_3_6.axi_vdma_greycoder [\axi_vdma_greycoder(c_dwidth=5)\]
Compiling architecture implementation of entity axi_vdma_v6_3_6.axi_vdma_genlock_mux [\axi_vdma_genlock_mux(c_internal...]
Compiling architecture implementation of entity axi_vdma_v6_3_6.axi_vdma_greycoder [\axi_vdma_greycoder(c_dwidth=2)\]
Compiling architecture implementation of entity axi_vdma_v6_3_6.axi_vdma_genlock_mngr [\axi_vdma_genlock_mngr(c_genlock...]
Compiling architecture implementation of entity axi_vdma_v6_3_6.axi_vdma_mngr [\axi_vdma_mngr(c_prmy_cmdfifo_de...]
Compiling architecture implementation of entity axi_vdma_v6_3_6.axi_vdma_regdirect [\axi_vdma_regdirect(c_num_regist...]
Compiling architecture implementation of entity axi_vdma_v6_3_6.axi_vdma_register [\axi_vdma_register(c_linebuffer_...]
Compiling architecture implementation of entity axi_vdma_v6_3_6.axi_vdma_reg_mux [\axi_vdma_reg_mux(c_total_num_re...]
Compiling architecture implementation of entity axi_vdma_v6_3_6.axi_vdma_reg_module [\axi_vdma_reg_module(c_total_num...]
Compiling architecture implementation of entity axi_vdma_v6_3_6.axi_vdma_fsync_gen [\axi_vdma_fsync_gen(c_include_mm...]
Compiling architecture implementation of entity axi_vdma_v6_3_6.axi_vdma_vid_cdc [\axi_vdma_vid_cdc(c_genlock_mstr...]
Compiling architecture implementation of entity axi_vdma_v6_3_6.axi_vdma_sof_gen [axi_vdma_sof_gen_default]
Compiling module xpm.xpm_fifo_rst_default
Compiling module xpm.xpm_fifo_reg_bit
Compiling module xpm.xpm_counter_updn(COUNTER_WIDTH=1...
Compiling module xpm.xpm_counter_updn(COUNTER_WIDTH=9...
Compiling module xpm.xpm_counter_updn(COUNTER_WIDTH=9...
Compiling module xpm.xpm_memory_base(MEMORY_TYPE=1,ME...
Compiling module xpm.xpm_counter_updn(COUNTER_WIDTH=2...
Compiling module xpm.xpm_fifo_base(FIFO_WRITE_DEPTH=5...
Compiling module xpm.xpm_fifo_sync(FIFO_MEMORY_TYPE="...
Compiling architecture xilinx of entity axi_vdma_v6_3_6.axi_vdma_sfifo [\axi_vdma_sfifo(c_family="zynq",...]
Compiling architecture implementation of entity axi_vdma_v6_3_6.axi_vdma_skid_buf [axi_vdma_skid_buf_default]
Compiling architecture implementation of entity axi_vdma_v6_3_6.axi_vdma_mm2s_linebuf [\axi_vdma_mm2s_linebuf(c_m_axis_...]
Compiling architecture implementation of entity axi_vdma_v6_3_6.axi_vdma_skid_buf [\axi_vdma_skid_buf(c_wdata_width...]
Compiling module axi_vdma_v6_3_6.axi_vdma_v6_3_6_axis_dwidth_conv...
Compiling module axi_vdma_v6_3_6.axi_vdma_v6_3_6_axis_dwidth_conv...
Compiling module axi_vdma_v6_3_6.axi_vdma_v6_3_6_axis_dwidth_conv...
Compiling architecture implementation of entity axi_vdma_v6_3_6.axi_vdma_s2mm_axis_dwidth_converter [\axi_vdma_s2mm_axis_dwidth_conve...]
Compiling architecture implementation of entity axi_vdma_v6_3_6.axi_vdma_sm [\axi_vdma_sm(c_include_sf=1,c_us...]
Compiling architecture implementation of entity axi_vdma_v6_3_6.axi_vdma_cmdsts_if [\axi_vdma_cmdsts_if(c_dm_status_...]
Compiling architecture implementation of entity axi_vdma_v6_3_6.axi_vdma_genlock_mngr [\axi_vdma_genlock_mngr(c_genlock...]
Compiling architecture implementation of entity axi_vdma_v6_3_6.axi_vdma_mngr [\axi_vdma_mngr(c_prmy_cmdfifo_de...]
Compiling architecture implementation of entity axi_vdma_v6_3_6.axi_vdma_regdirect [\axi_vdma_regdirect(c_num_regist...]
Compiling architecture implementation of entity axi_vdma_v6_3_6.axi_vdma_register [\axi_vdma_register(c_channel_is_...]
Compiling architecture implementation of entity axi_vdma_v6_3_6.axi_vdma_reg_mux [\axi_vdma_reg_mux(c_total_num_re...]
Compiling architecture implementation of entity axi_vdma_v6_3_6.axi_vdma_reg_module [\axi_vdma_reg_module(c_total_num...]
Compiling architecture implementation of entity axi_vdma_v6_3_6.axi_vdma_fsync_gen [\axi_vdma_fsync_gen(c_use_fsync=...]
Compiling module xpm.xpm_fifo_rst_default_1
Compiling module xpm.xpm_memory_base(MEMORY_TYPE=1,ME...
Compiling module xpm.xpm_fifo_base(FIFO_WRITE_DEPTH=5...
Compiling module xpm.xpm_fifo_sync(FIFO_MEMORY_TYPE="...
Compiling architecture xilinx of entity axi_vdma_v6_3_6.axi_vdma_sfifo [\axi_vdma_sfifo(c_family="zynq",...]
Compiling architecture implementation of entity axi_vdma_v6_3_6.axi_vdma_s2mm_linebuf [\axi_vdma_s2mm_linebuf(c_include...]
Compiling architecture implementation of entity lib_cdc_v1_0_2.cdc_sync [\cdc_sync(c_cdc_type=0,c_flop_in...]
Compiling architecture implementation of entity lib_cdc_v1_0_2.cdc_sync [\cdc_sync(c_flop_input=1,c_mtbf_...]
Compiling architecture implementation of entity axi_vdma_v6_3_6.axi_vdma_reset [\axi_vdma_reset(c_prmry_is_aclk_...]
Compiling architecture implementation of entity axi_vdma_v6_3_6.axi_vdma_rst_module [\axi_vdma_rst_module(c_include_s...]
Compiling architecture implementation of entity lib_cdc_v1_0_2.cdc_sync [\cdc_sync(c_cdc_type=0,c_reset_s...]
Compiling architecture implementation of entity axi_vdma_v6_3_6.axi_vdma_lite_if [\axi_vdma_lite_if(c_num_ce=62)\]
Compiling architecture implementation of entity lib_cdc_v1_0_2.cdc_sync [\cdc_sync(c_reset_state=1,c_flop...]
Compiling architecture implementation of entity axi_vdma_v6_3_6.axi_vdma_reg_if [\axi_vdma_reg_if(c_enable_debug_...]
Compiling architecture implementation of entity axi_vdma_v6_3_6.axi_vdma_intrpt [\axi_vdma_intrpt(c_enable_debug_...]
Compiling module xpm.xpm_fifo_rst_default_2
Compiling module xpm.xpm_counter_updn(COUNTER_WIDTH=9...
Compiling module xpm.xpm_counter_updn(COUNTER_WIDTH=8...
Compiling module xpm.xpm_counter_updn(COUNTER_WIDTH=8...
Compiling module xpm.xpm_counter_updn(COUNTER_WIDTH=8...
Compiling module xpm.xpm_memory_base(MEMORY_TYPE=1,ME...
Compiling module xpm.xpm_fifo_base(FIFO_MEMORY_TYPE=2...
Compiling module xpm.xpm_fifo_sync(FIFO_MEMORY_TYPE="...
Compiling architecture implementation of entity lib_fifo_v1_0_12.sync_fifo_fg [\sync_fifo_fg(c_family="zynq",c_...]
Compiling architecture imp of entity axi_datamover_v5_1_20.axi_datamover_sfifo_autord [\axi_datamover_sfifo_autord(c_dw...]
Compiling architecture implementation of entity axi_datamover_v5_1_20.axi_datamover_rd_sf [\axi_datamover_rd_sf(c_sf_fifo_d...]
Compiling architecture implementation of entity axi_datamover_v5_1_20.axi_datamover_reset [axi_datamover_reset_default]
Compiling architecture behavioral of entity lib_srl_fifo_v1_0_2.dynshreg_f [\dynshreg_f(c_depth=4,c_dwidth=8...]
Compiling architecture imp of entity lib_srl_fifo_v1_0_2.srl_fifo_rbu_f [\srl_fifo_rbu_f(c_dwidth=8,c_dep...]
Compiling architecture imp of entity lib_srl_fifo_v1_0_2.srl_fifo_f [\srl_fifo_f(c_dwidth=8,c_depth=4...]
Compiling architecture imp of entity axi_datamover_v5_1_20.axi_datamover_fifo [\axi_datamover_fifo(c_dwidth=8,c...]
Compiling architecture imp of entity lib_srl_fifo_v1_0_2.cntr_incr_decr_addn_f [\cntr_incr_decr_addn_f(c_size=3,...]
Compiling architecture behavioral of entity lib_srl_fifo_v1_0_2.dynshreg_f [\dynshreg_f(c_depth=4,c_dwidth=6...]
Compiling architecture imp of entity lib_srl_fifo_v1_0_2.srl_fifo_rbu_f [\srl_fifo_rbu_f(c_dwidth=68,c_de...]
Compiling architecture imp of entity lib_srl_fifo_v1_0_2.srl_fifo_f [\srl_fifo_f(c_dwidth=68,c_depth=...]
Compiling architecture imp of entity axi_datamover_v5_1_20.axi_datamover_fifo [\axi_datamover_fifo(c_dwidth=68,...]
Compiling architecture implementation of entity axi_datamover_v5_1_20.axi_datamover_cmd_status [\axi_datamover_cmd_status(c_fami...]
Compiling architecture implementation of entity axi_datamover_v5_1_20.axi_datamover_rd_status_cntl [axi_datamover_rd_status_cntl_def...]
Compiling architecture implementation of entity axi_datamover_v5_1_20.axi_datamover_strb_gen2 [axi_datamover_strb_gen2_default]
Compiling architecture implementation of entity axi_datamover_v5_1_20.axi_datamover_strb_gen2 [\axi_datamover_strb_gen2(c_op_mo...]
Compiling architecture implementation of entity axi_datamover_v5_1_20.axi_datamover_pcc [\axi_datamover_pcc(c_is_mm2s=1,c...]
Compiling architecture behavioral of entity lib_srl_fifo_v1_0_2.dynshreg_f [\dynshreg_f(c_depth=4,c_dwidth=5...]
Compiling architecture imp of entity lib_srl_fifo_v1_0_2.srl_fifo_rbu_f [\srl_fifo_rbu_f(c_dwidth=59,c_de...]
Compiling architecture imp of entity lib_srl_fifo_v1_0_2.srl_fifo_f [\srl_fifo_f(c_dwidth=59,c_depth=...]
Compiling architecture imp of entity axi_datamover_v5_1_20.axi_datamover_fifo [\axi_datamover_fifo(c_dwidth=59,...]
Compiling architecture implementation of entity axi_datamover_v5_1_20.axi_datamover_addr_cntl [\axi_datamover_addr_cntl(c_famil...]
Compiling architecture behavioral of entity lib_srl_fifo_v1_0_2.dynshreg_f [\dynshreg_f(c_depth=4,c_dwidth=3...]
Compiling architecture imp of entity lib_srl_fifo_v1_0_2.srl_fifo_rbu_f [\srl_fifo_rbu_f(c_dwidth=38,c_de...]
Compiling architecture imp of entity lib_srl_fifo_v1_0_2.srl_fifo_f [\srl_fifo_f(c_dwidth=38,c_depth=...]
Compiling architecture imp of entity axi_datamover_v5_1_20.axi_datamover_fifo [\axi_datamover_fifo(c_dwidth=38,...]
Compiling architecture implementation of entity axi_datamover_v5_1_20.axi_datamover_rdmux [\axi_datamover_rdmux(c_sel_addr_...]
Compiling architecture implementation of entity axi_datamover_v5_1_20.axi_datamover_rddata_cntl [\axi_datamover_rddata_cntl(c_ali...]
Compiling architecture implementation of entity axi_datamover_v5_1_20.axi_datamover_mm2s_full_wrap [\axi_datamover_mm2s_full_wrap(c_...]
Compiling architecture implementation of entity axi_datamover_v5_1_20.axi_datamover_ibttcc [\axi_datamover_ibttcc(c_sf_xfer_...]
Compiling architecture implementation of entity axi_datamover_v5_1_20.axi_datamover_ms_strb_set [\axi_datamover_ms_strb_set(c_str...]
Compiling architecture implementation of entity axi_datamover_v5_1_20.axi_datamover_mssai_skid_buf [axi_datamover_mssai_skid_buf_def...]
Compiling architecture implementation of entity axi_datamover_v5_1_20.axi_datamover_strb_gen2 [\axi_datamover_strb_gen2(c_strb_...]
Compiling architecture working of entity axi_datamover_v5_1_20.axi_datamover_slice [\axi_datamover_slice(c_data_widt...]
Compiling architecture imp of entity lib_srl_fifo_v1_0_2.cntr_incr_decr_addn_f [\cntr_incr_decr_addn_f(c_size=5,...]
Compiling architecture behavioral of entity lib_srl_fifo_v1_0_2.dynshreg_f [\dynshreg_f(c_depth=16,c_dwidth=...]
Compiling architecture imp of entity lib_srl_fifo_v1_0_2.srl_fifo_rbu_f [\srl_fifo_rbu_f(c_dwidth=9,c_fam...]
Compiling architecture imp of entity lib_srl_fifo_v1_0_2.srl_fifo_f [\srl_fifo_f(c_dwidth=9,c_family=...]
Compiling architecture imp of entity axi_datamover_v5_1_20.axi_datamover_fifo [\axi_datamover_fifo(c_dwidth=9,c...]
Compiling architecture implementation of entity axi_datamover_v5_1_20.axi_datamover_s2mm_scatter [\axi_datamover_s2mm_scatter(c_en...]
Compiling architecture behavioral of entity lib_srl_fifo_v1_0_2.dynshreg_f [\dynshreg_f(c_depth=4,c_dwidth=2...]
Compiling architecture imp of entity lib_srl_fifo_v1_0_2.srl_fifo_rbu_f [\srl_fifo_rbu_f(c_dwidth=27,c_de...]
Compiling architecture imp of entity lib_srl_fifo_v1_0_2.srl_fifo_f [\srl_fifo_f(c_dwidth=27,c_depth=...]
Compiling architecture imp of entity axi_datamover_v5_1_20.axi_datamover_fifo [\axi_datamover_fifo(c_dwidth=27,...]
Compiling architecture implementation of entity axi_datamover_v5_1_20.axi_datamover_s2mm_realign [\axi_datamover_s2mm_realign(c_en...]
Compiling architecture implementation of entity axi_datamover_v5_1_20.axi_datamover_stbs_set [\axi_datamover_stbs_set(c_strobe...]
Compiling architecture implementation of entity axi_datamover_v5_1_20.axi_datamover_stbs_set [axi_datamover_stbs_set_default]
Compiling architecture implementation of entity axi_datamover_v5_1_20.axi_datamover_skid_buf [\axi_datamover_skid_buf(c_wdata_...]
Compiling module xpm.xpm_fifo_rst_default_3
Compiling module xpm.xpm_counter_updn(COUNTER_WIDTH=5...
Compiling module xpm.xpm_counter_updn(RESET_VALUE=1)
Compiling module xpm.xpm_counter_updn(RESET_VALUE=2)
Compiling module xpm.xpm_counter_updn(RESET_VALUE=3)
Compiling module xpm.xpm_memory_base(MEMORY_TYPE=1,ME...
Compiling module xpm.xpm_fifo_base(FIFO_WRITE_DEPTH=1...
Compiling module xpm.xpm_fifo_sync(FIFO_MEMORY_TYPE="...
Compiling architecture implementation of entity lib_fifo_v1_0_12.sync_fifo_fg [\sync_fifo_fg(c_family="zynq",c_...]
Compiling architecture imp of entity axi_datamover_v5_1_20.axi_datamover_sfifo_autord [\axi_datamover_sfifo_autord(c_dw...]
Compiling module xpm.xpm_fifo_rst_default_4
Compiling module xpm.xpm_memory_base(MEMORY_TYPE=1,ME...
Compiling module xpm.xpm_fifo_base(FIFO_MEMORY_TYPE=2...
Compiling module xpm.xpm_fifo_sync(FIFO_MEMORY_TYPE="...
Compiling architecture implementation of entity lib_fifo_v1_0_12.sync_fifo_fg [\sync_fifo_fg(c_family="zynq",c_...]
Compiling architecture imp of entity axi_datamover_v5_1_20.axi_datamover_sfifo_autord [\axi_datamover_sfifo_autord(c_dw...]
Compiling architecture implementation of entity axi_datamover_v5_1_20.axi_datamover_indet_btt [\axi_datamover_indet_btt(c_sf_fi...]
Compiling architecture behavioral of entity lib_srl_fifo_v1_0_2.dynshreg_f [\dynshreg_f(c_depth=4,c_dwidth=3...]
Compiling architecture imp of entity lib_srl_fifo_v1_0_2.srl_fifo_rbu_f [\srl_fifo_rbu_f(c_dwidth=32,c_de...]
Compiling architecture imp of entity lib_srl_fifo_v1_0_2.srl_fifo_f [\srl_fifo_f(c_dwidth=32,c_depth=...]
Compiling architecture imp of entity axi_datamover_v5_1_20.axi_datamover_fifo [\axi_datamover_fifo(c_family="zy...]
Compiling architecture implementation of entity axi_datamover_v5_1_20.axi_datamover_cmd_status [\axi_datamover_cmd_status(c_sts_...]
Compiling architecture behavioral of entity lib_srl_fifo_v1_0_2.dynshreg_f [\dynshreg_f(c_depth=6,c_dwidth=2...]
Compiling architecture imp of entity lib_srl_fifo_v1_0_2.srl_fifo_rbu_f [\srl_fifo_rbu_f(c_dwidth=23,c_de...]
Compiling architecture imp of entity lib_srl_fifo_v1_0_2.srl_fifo_f [\srl_fifo_f(c_dwidth=23,c_depth=...]
Compiling architecture imp of entity axi_datamover_v5_1_20.axi_datamover_fifo [\axi_datamover_fifo(c_dwidth=23,...]
Compiling architecture imp of entity lib_srl_fifo_v1_0_2.cntr_incr_decr_addn_f [\cntr_incr_decr_addn_f(c_size=4,...]
Compiling architecture behavioral of entity lib_srl_fifo_v1_0_2.dynshreg_f [\dynshreg_f(c_depth=6,c_dwidth=2...]
Compiling architecture imp of entity lib_srl_fifo_v1_0_2.srl_fifo_rbu_f [\srl_fifo_rbu_f(c_dwidth=2,c_dep...]
Compiling architecture imp of entity lib_srl_fifo_v1_0_2.srl_fifo_f [\srl_fifo_f(c_dwidth=2,c_depth=6...]
Compiling architecture imp of entity axi_datamover_v5_1_20.axi_datamover_fifo [\axi_datamover_fifo(c_dwidth=2,c...]
Compiling architecture implementation of entity axi_datamover_v5_1_20.axi_datamover_wr_status_cntl [\axi_datamover_wr_status_cntl(c_...]
Compiling architecture implementation of entity axi_datamover_v5_1_20.axi_datamover_addr_cntl [\axi_datamover_addr_cntl(c_addr_...]
Compiling architecture behavioral of entity lib_srl_fifo_v1_0_2.dynshreg_f [\dynshreg_f(c_depth=4,c_dwidth=3...]
Compiling architecture imp of entity lib_srl_fifo_v1_0_2.srl_fifo_rbu_f [\srl_fifo_rbu_f(c_dwidth=36,c_de...]
Compiling architecture imp of entity lib_srl_fifo_v1_0_2.srl_fifo_f [\srl_fifo_f(c_dwidth=36,c_depth=...]
Compiling architecture imp of entity axi_datamover_v5_1_20.axi_datamover_fifo [\axi_datamover_fifo(c_dwidth=36,...]
Compiling architecture implementation of entity axi_datamover_v5_1_20.axi_datamover_wrdata_cntl [\axi_datamover_wrdata_cntl(c_rea...]
Compiling architecture implementation of entity axi_datamover_v5_1_20.axi_datamover_wr_demux [\axi_datamover_wr_demux(c_sel_ad...]
Compiling architecture implementation of entity axi_datamover_v5_1_20.axi_datamover_skid2mm_buf [\axi_datamover_skid2mm_buf(c_mda...]
Compiling architecture implementation of entity axi_datamover_v5_1_20.axi_datamover_s2mm_full_wrap [\axi_datamover_s2mm_full_wrap(c_...]
Compiling architecture implementation of entity axi_datamover_v5_1_20.axi_datamover [\axi_datamover(c_include_mm2s=1,...]
Compiling architecture implementation of entity axi_vdma_v6_3_6.axi_vdma [\axi_vdma(c_prmry_is_aclk_async=...]
Compiling architecture design_1_axi_vdma_0_0_arch of entity xil_defaultlib.design_1_axi_vdma_0_0 [design_1_axi_vdma_0_0_default]
Compiling architecture design_1_axi_vdma_0_1_arch of entity xil_defaultlib.design_1_axi_vdma_0_1 [design_1_axi_vdma_0_1_default]
Compiling module unisims_ver.IBUF
Compiling module unisims_ver.MMCME2_ADV(CLKFBOUT_MULT_F=19.5,...
Compiling module unisims_ver.BUFG
Compiling module xil_defaultlib.design_1_clk_wiz_0_0_clk_wiz
Compiling module xil_defaultlib.design_1_clk_wiz_0_0
Compiling module xil_defaultlib.sccb_driver_default
Compiling module xil_defaultlib.cmos_cfg_default
Compiling module xil_defaultlib.cmos_img_capture
Compiling module xil_defaultlib.ov5640_capture
Compiling module xil_defaultlib.design_1_ddr3_hdmi_ov5640_0_0
Compiling module xil_defaultlib.design_1_ddr3_hdmi_ov5640_0_1
Compiling module xil_defaultlib.i2c_driver_default
Compiling module xil_defaultlib.i2c_cfg(IDLE='b01,WR_CHECK='b010...
Compiling module xil_defaultlib.design_1_i2c_cfg_0_0
Compiling module xil_defaultlib.design_1_ila_0_0
Compiling module processing_system7_vip_v1_0_6.processing_system7_vip_v1_0_6_ge...
Compiling module processing_system7_vip_v1_0_6.processing_system7_vip_v1_0_6_ge...
Compiling module processing_system7_vip_v1_0_6.processing_system7_vip_v1_0_6_ar...
Compiling module processing_system7_vip_v1_0_6.processing_system7_vip_v1_0_6_ar...
Compiling module processing_system7_vip_v1_0_6.processing_system7_vip_v1_0_6_fm...
Compiling module processing_system7_vip_v1_0_6.processing_system7_vip_v1_0_6_ar...
Compiling module processing_system7_vip_v1_0_6.processing_system7_vip_v1_0_6_ar...
Compiling module processing_system7_vip_v1_0_6.processing_system7_vip_v1_0_6_ar...
Compiling module processing_system7_vip_v1_0_6.processing_system7_vip_v1_0_6_ar...
Compiling module processing_system7_vip_v1_0_6.processing_system7_vip_v1_0_6_ss...
Compiling module processing_system7_vip_v1_0_6.processing_system7_vip_v1_0_6_in...
Compiling module processing_system7_vip_v1_0_6.processing_system7_vip_v1_0_6_sp...
Compiling module processing_system7_vip_v1_0_6.processing_system7_vip_v1_0_6_dd...
Compiling module processing_system7_vip_v1_0_6.processing_system7_vip_v1_0_6_oc...
Compiling module processing_system7_vip_v1_0_6.processing_system7_vip_v1_0_6_oc...
Compiling module processing_system7_vip_v1_0_6.processing_system7_vip_v1_0_6_re...
Compiling module processing_system7_vip_v1_0_6.processing_system7_vip_v1_0_6_re...
Compiling module xilinx_vip.axi_vip_axi4pc(WDATA_WIDTH=32,RD...
Compiling module xilinx_vip.cb
Compiling module xilinx_vip.axi_vip_if(C_AXI_PROTOCOL=1,C_AX...
Compiling module axi_vip_v1_1_4.axi_vip_v1_1_4_top(C_AXI_PROTOCO...
Compiling module processing_system7_vip_v1_0_6.processing_system7_vip_v1_0_6_ax...
Compiling module processing_system7_vip_v1_0_6.processing_system7_vip_v1_0_6_ax...
Compiling module xilinx_vip.axi_vip_axi4pc(WDATA_WIDTH=32,RD...
Compiling module xilinx_vip.cb
Compiling module xilinx_vip.axi_vip_if(C_AXI_PROTOCOL=1,C_AX...
Compiling module axi_vip_v1_1_4.axi_vip_v1_1_4_top(C_AXI_PROTOCO...
Compiling module processing_system7_vip_v1_0_6.processing_system7_vip_v1_0_6_ax...
Compiling module processing_system7_vip_v1_0_6.processing_system7_vip_v1_0_6_ax...
Compiling module xilinx_vip.axi_vip_axi4pc(PROTOCOL=1,RID_WI...
Compiling module xilinx_vip.cb
Compiling module xilinx_vip.axi_vip_if(C_AXI_PROTOCOL=1,C_AX...
Compiling module axi_vip_v1_1_4.axi_vip_v1_1_4_top(C_AXI_PROTOCO...
Compiling module processing_system7_vip_v1_0_6.processing_system7_vip_v1_0_6_in...
Compiling module processing_system7_vip_v1_0_6.processing_system7_vip_v1_0_6_af...
Compiling module processing_system7_vip_v1_0_6.processing_system7_vip_v1_0_6_af...
Compiling module processing_system7_vip_v1_0_6.processing_system7_vip_v1_0_6_af...
Compiling module processing_system7_vip_v1_0_6.processing_system7_vip_v1_0_6_af...
Compiling module xilinx_vip.axi_vip_axi4pc(PROTOCOL=1,RID_WI...
Compiling module xilinx_vip.cb
Compiling module xilinx_vip.axi_vip_if(C_AXI_PROTOCOL=1,C_AX...
Compiling module axi_vip_v1_1_4.axi_vip_v1_1_4_top(C_AXI_PROTOCO...
Compiling module processing_system7_vip_v1_0_6.processing_system7_vip_v1_0_6_ax...
Compiling module processing_system7_vip_v1_0_6.processing_system7_vip_v1_0_6(C_...
Compiling module xil_defaultlib.design_1_processing_system7_0_0
Compiling module xil_defaultlib.m00_couplers_imp_15SPJYW
Compiling module xil_defaultlib.m01_couplers_imp_XU9C55
Compiling module xil_defaultlib.m02_couplers_imp_14WQB4R
Compiling module axi_infrastructure_v1_1_0.axi_infrastructure_v1_1_0_axi2ve...
Compiling module axi_register_slice_v2_1_18.axi_register_slice_v2_1_18_axic_...
Compiling module axi_register_slice_v2_1_18.axi_register_slice_v2_1_18_axic_...
Compiling module axi_register_slice_v2_1_18.axi_register_slice_v2_1_18_axic_...
Compiling module axi_register_slice_v2_1_18.axi_register_slice_v2_1_18_axic_...
Compiling module axi_infrastructure_v1_1_0.axi_infrastructure_v1_1_0_vector...
Compiling module axi_register_slice_v2_1_18.axi_register_slice_v2_1_18_axi_r...
Compiling module axi_protocol_converter_v2_1_18.axi_protocol_converter_v2_1_18_b...
Compiling module axi_protocol_converter_v2_1_18.axi_protocol_converter_v2_1_18_b...
Compiling module axi_protocol_converter_v2_1_18.axi_protocol_converter_v2_1_18_b...
Compiling module axi_protocol_converter_v2_1_18.axi_protocol_converter_v2_1_18_b...
Compiling module axi_protocol_converter_v2_1_18.axi_protocol_converter_v2_1_18_b...
Compiling module axi_protocol_converter_v2_1_18.axi_protocol_converter_v2_1_18_b...
Compiling module axi_protocol_converter_v2_1_18.axi_protocol_converter_v2_1_18_b...
Compiling module axi_protocol_converter_v2_1_18.axi_protocol_converter_v2_1_18_b...
Compiling module axi_protocol_converter_v2_1_18.axi_protocol_converter_v2_1_18_b...
Compiling module axi_protocol_converter_v2_1_18.axi_protocol_converter_v2_1_18_b...
Compiling module axi_protocol_converter_v2_1_18.axi_protocol_converter_v2_1_18_b...
Compiling module axi_protocol_converter_v2_1_18.axi_protocol_converter_v2_1_18_b...
Compiling module axi_protocol_converter_v2_1_18.axi_protocol_converter_v2_1_18_b...
Compiling module axi_infrastructure_v1_1_0.axi_infrastructure_v1_1_0_axi2ve...
Compiling module axi_register_slice_v2_1_18.axi_register_slice_v2_1_18_axic_...
Compiling module axi_register_slice_v2_1_18.axi_register_slice_v2_1_18_axic_...
Compiling module axi_register_slice_v2_1_18.axi_register_slice_v2_1_18_axic_...
Compiling module axi_register_slice_v2_1_18.axi_register_slice_v2_1_18_axic_...
Compiling module axi_infrastructure_v1_1_0.axi_infrastructure_v1_1_0_vector...
Compiling module axi_register_slice_v2_1_18.axi_register_slice_v2_1_18_axi_r...
Compiling module axi_protocol_converter_v2_1_18.axi_protocol_converter_v2_1_18_b...
Compiling module axi_protocol_converter_v2_1_18.axi_protocol_converter_v2_1_18_a...
Compiling module xil_defaultlib.design_1_auto_pc_0
Compiling module xil_defaultlib.s00_couplers_imp_UYSKKA
Compiling module axi_crossbar_v2_1_19.axi_crossbar_v2_1_19_addr_arbite...
Compiling module generic_baseblocks_v2_1_0.generic_baseblocks_v2_1_0_carry_...
Compiling module generic_baseblocks_v2_1_0.generic_baseblocks_v2_1_0_compar...
Compiling module generic_baseblocks_v2_1_0.generic_baseblocks_v2_1_0_compar...
Compiling module generic_baseblocks_v2_1_0.generic_baseblocks_v2_1_0_compar...
Compiling module axi_crossbar_v2_1_19.axi_crossbar_v2_1_19_addr_decode...
Compiling module axi_crossbar_v2_1_19.axi_crossbar_v2_1_19_splitter(C_...
Compiling module axi_crossbar_v2_1_19.axi_crossbar_v2_1_19_splitter
Compiling module generic_baseblocks_v2_1_0.generic_baseblocks_v2_1_0_mux_en...
Compiling module generic_baseblocks_v2_1_0.generic_baseblocks_v2_1_0_mux_en...
Compiling module generic_baseblocks_v2_1_0.generic_baseblocks_v2_1_0_mux_en...
Compiling module axi_register_slice_v2_1_18.axi_register_slice_v2_1_18_axic_...
Compiling module generic_baseblocks_v2_1_0.generic_baseblocks_v2_1_0_mux_en...
Compiling module axi_crossbar_v2_1_19.axi_crossbar_v2_1_19_decerr_slav...
Compiling module axi_crossbar_v2_1_19.axi_crossbar_v2_1_19_crossbar_sa...
Compiling module axi_crossbar_v2_1_19.axi_crossbar_v2_1_19_axi_crossba...
Compiling module xil_defaultlib.design_1_xbar_0
Compiling module xil_defaultlib.design_1_ps7_0_axi_periph_0
Compiling architecture imp of entity proc_sys_reset_v5_0_13.lpf [\lpf(c_ext_rst_width=4,c_aux_rst...]
Compiling architecture imp of entity proc_sys_reset_v5_0_13.proc_sys_reset [\proc_sys_reset(c_family="zynq",...]
Compiling architecture design_1_rst_ps7_0_50m_0_arch of entity xil_defaultlib.design_1_rst_ps7_0_50M_0 [design_1_rst_ps7_0_50m_0_default]
Compiling module util_vector_logic_v2_0_1.util_vector_logic_v2_0_1_util_ve...
Compiling module xil_defaultlib.design_1_util_vector_logic_0_0
Compiling module xil_defaultlib.design_1_util_vector_logic_1_0
Compiling module xil_defaultlib.design_1_util_vector_logic_0_1
Compiling module xil_defaultlib.design_1_util_vector_logic_1_1
Compiling module xpm.xpm_cdc_single(SRC_INPUT_REG=0)
Compiling module v_axi4s_vid_out_v4_0_10.v_axi4s_vid_out_v4_0_10_cdc_sing...
Compiling module xpm.xpm_cdc_sync_rst(INIT=0,INIT_SYN...
Compiling module xpm.xpm_fifo_rst(COMMON_CLOCK=0,CDC_...
Compiling module xpm.xpm_counter_updn(COUNTER_WIDTH=1...
Compiling module xpm.xpm_counter_updn(COUNTER_WIDTH=1...
Compiling module xpm.xpm_counter_updn(COUNTER_WIDTH=1...
Compiling module xpm.xpm_memory_base(MEMORY_TYPE=1,ME...
Compiling module xpm.xpm_cdc_gray(INIT_SYNC_FF=1,WIDT...
Compiling module xpm.xpm_fifo_reg_vec(REG_WIDTH=10)
Compiling module xpm.xpm_cdc_gray(DEST_SYNC_FF=6,INIT...
Compiling module xpm.xpm_fifo_reg_vec(REG_WIDTH=11)
Compiling module xpm.xpm_cdc_gray(INIT_SYNC_FF=1,WIDT...
Compiling module xpm.xpm_fifo_base(COMMON_CLOCK=0,FIF...
Compiling module xpm.xpm_fifo_async(FIFO_WRITE_DEPTH=...
Compiling module v_axi4s_vid_out_v4_0_10.v_axi4s_vid_out_v4_0_10_fifo_asy...
Compiling module v_axi4s_vid_out_v4_0_10.v_axi4s_vid_out_v4_0_10_coupler(...
Compiling module v_axi4s_vid_out_v4_0_10.v_axi4s_vid_out_v4_0_10_sync_def...
Compiling module v_axi4s_vid_out_v4_0_10.v_axi4s_vid_out_v4_0_10_formatte...
Compiling module v_axi4s_vid_out_v4_0_10.v_axi4s_vid_out_v4_0_10(C_FAMILY...
Compiling module xil_defaultlib.design_1_v_axi4s_vid_out_0_0
Compiling architecture imp of entity axi_lite_ipif_v3_0_4.pselect_f [\pselect_f(c_ab=1,c_aw=9,c_bar="...]
Compiling architecture imp of entity axi_lite_ipif_v3_0_4.pselect_f [\pselect_f(c_ab=2,c_aw=9,c_bar="...]
Compiling architecture imp of entity axi_lite_ipif_v3_0_4.address_decoder [\address_decoder(c_bus_awidth=9,...]
Compiling architecture imp of entity axi_lite_ipif_v3_0_4.slave_attachment [\slave_attachment(c_ard_addr_ran...]
Compiling architecture imp of entity axi_lite_ipif_v3_0_4.axi_lite_ipif [\axi_lite_ipif(c_s_axi_addr_widt...]
Compiling architecture rtl of entity v_tc_v6_1_13.video_clock_cross [\video_clock_cross(c_data_width=...]
Compiling architecture rtl of entity v_tc_v6_1_13.video_clock_cross [\video_clock_cross(c_data_width=...]
Compiling architecture rtl of entity v_tc_v6_1_13.mux_tree [\mux_tree(register_sel=18724,inp...]
Compiling architecture rtl of entity v_tc_v6_1_13.mux_tree [\mux_tree(register_sel=18724,inp...]
Compiling architecture ram64x1s_v of entity unisim.RAM64X1S [\RAM64X1S(init="1000000000000000...]
Compiling architecture rtl of entity v_tc_v6_1_13.hwt [\hwt(clock_mhz=74.25,timeout_sec...]
Compiling architecture rtl of entity v_tc_v6_1_13.video_ctrl [\video_ctrl(c_s_axi_addr_width=9...]
Compiling architecture rtl of entity v_osd_v6_0_16.osd_priority_select [osd_priority_select_default]
Compiling architecture rtl of entity v_osd_v6_0_16.osd_priority_select [\osd_priority_select(priority=1)...]
Compiling architecture rtl of entity v_osd_v6_0_16.dp_ram [\dp_ram(dwidth=26,mem_size=8,mem...]
Compiling architecture rtl of entity v_osd_v6_0_16.synch_fifo [\synch_fifo(input_reg=0,dwidth=2...]
Compiling architecture rtl of entity v_osd_v6_0_16.axis_input_buffer [\axis_input_buffer(c_axis_data_w...]
Compiling architecture rtl of entity v_osd_v6_0_16.mux_tree [\mux_tree(data_width=1,inputs=2)...]
Compiling architecture rtl of entity v_osd_v6_0_16.mux_tree [\mux_tree(data_width=9,inputs=2)...]
Compiling architecture rtl of entity v_osd_v6_0_16.mux_tree [\mux_tree(data_width=24,inputs=2...]
Compiling architecture rtl of entity v_osd_v6_0_16.osd_priority_mux [\osd_priority_mux(c_alpha_width=...]
Compiling architecture mult_add_elem_arch of entity v_osd_v6_0_16.mult_add_pipeline [\mult_add_pipeline(data_width=10...]
Compiling architecture rtl_add_mult_add of entity v_osd_v6_0_16.alpha_blend_elem [alpha_blend_elem_default]
Compiling architecture rtl of entity v_osd_v6_0_16.osd_counters [\osd_counters(p_num_data_channel...]
Compiling architecture rtl of entity v_osd_v6_0_16.alpha_blend_ctrl [alpha_blend_ctrl_default]
Compiling architecture rtl of entity v_osd_v6_0_16.synch_fifo_fallthru [\synch_fifo_fallthru(dwidth=26,d...]
Compiling architecture rtl of entity v_osd_v6_0_16.axis_output_buffer [\axis_output_buffer(c_axis_data_...]
Compiling architecture rtl of entity v_osd_v6_0_16.osd_backbone [\osd_backbone(c_num_layers=2,c_n...]
Compiling architecture imp of entity v_osd_v6_0_16.v_osd [\v_osd(c_s_axis_video_format=2,c...]
Compiling architecture design_1_v_osd_0_0_arch of entity xil_defaultlib.design_1_v_osd_0_0 [design_1_v_osd_0_0_default]
Compiling architecture rtl of entity v_tc_v6_1_13.video_ctrl [\video_ctrl(c_family="virtex5",c...]
Compiling architecture rtl of entity v_tc_v6_1_13.tc_generator [\tc_generator(c_max_pixels=4096,...]
Compiling architecture rtl of entity v_tc_v6_1_13.tc_top [\tc_top(c_detect_en=0,c_det_achr...]
Compiling architecture imp of entity v_tc_v6_1_13.v_tc [\v_tc(c_has_axi4_lite=0,c_gen_vi...]
Compiling architecture design_1_v_tc_0_0_arch of entity xil_defaultlib.design_1_v_tc_0_0 [design_1_v_tc_0_0_default]
Compiling module v_vid_in_axi4s_v4_0_9.v_vid_in_axi4s_v4_0_9_cdc_single
Compiling module v_vid_in_axi4s_v4_0_9.v_vid_in_axi4s_v4_0_9_formatter
Compiling module v_vid_in_axi4s_v4_0_9.v_vid_in_axi4s_v4_0_9_fifo_async...
Compiling module v_vid_in_axi4s_v4_0_9.v_vid_in_axi4s_v4_0_9_coupler(C_...
Compiling module v_vid_in_axi4s_v4_0_9.v_vid_in_axi4s_v4_0_9(C_FAMILY="...
Compiling module xil_defaultlib.design_1_v_vid_in_axi4s_0_0
Compiling module xil_defaultlib.design_1_v_vid_in_axi4s_0_1
Compiling module xil_defaultlib.design_1
Compiling module unisims_ver.IOBUF
Compiling module xil_defaultlib.design_1_wrapper
Compiling module xil_defaultlib.glbl
Built simulation snapshot design_1_wrapper_behav
