
*** Running vivado
    with args -log design_1_i2c_cfg_0_0.vds -m64 -product Vivado -mode batch -messageDb vivado.pb -notrace -source design_1_i2c_cfg_0_0.tcl


****** Vivado v2018.3 (64-bit)
  **** SW Build 2405991 on Thu Dec  6 23:38:27 MST 2018
  **** IP Build 2404404 on Fri Dec  7 01:43:56 MST 2018
    ** Copyright 1986-2018 Xilinx, Inc. All Rights Reserved.

source design_1_i2c_cfg_0_0.tcl -notrace
INFO: [IP_Flow 19-234] Refreshing IP repositories
INFO: [IP_Flow 19-1700] Loaded user IP repository 'd:/XME0715/SDK_Demo/20_ov5640_hdmi/ov5640_hdmi/ip_repo'.
INFO: [IP_Flow 19-2313] Loaded Vivado IP repository 'C:/Xilinx/Vivado/2018.3/data/ip'.
Command: synth_design -top design_1_i2c_cfg_0_0 -part xc7z015clg485-2 -mode out_of_context
Starting synth_design
Attempting to get a license for feature 'Synthesis' and/or device 'xc7z015'
INFO: [Common 17-349] Got license for feature 'Synthesis' and/or device 'xc7z015'
INFO: Launching helper process for spawning children vivado processes
INFO: Helper process launched with PID 9280 
---------------------------------------------------------------------------------
Starting RTL Elaboration : Time (s): cpu = 00:00:02 ; elapsed = 00:00:02 . Memory (MB): peak = 438.871 ; gain = 97.961
---------------------------------------------------------------------------------
INFO: [Synth 8-6157] synthesizing module 'design_1_i2c_cfg_0_0' [d:/XME0715/SDK_Demo/21_double_ov5640_hdmi/double_ov5640/double_ov5640.srcs/sources_1/bd/design_1/ip/design_1_i2c_cfg_0_0/synth/design_1_i2c_cfg_0_0.v:58]
INFO: [Synth 8-6157] synthesizing module 'i2c_cfg' [d:/XME0715/SDK_Demo/21_double_ov5640_hdmi/double_ov5640/double_ov5640.srcs/sources_1/bd/design_1/ipshared/6bae/i2c_cfg.v:47]
	Parameter IDLE bound to: 1 - type: integer 
	Parameter WR_CHECK bound to: 2 - type: integer 
	Parameter WRITE bound to: 4 - type: integer 
	Parameter READ bound to: 8 - type: integer 
	Parameter SYS_CYCLE bound to: 20 - type: integer 
	Parameter WAIT_TIME bound to: 20000000 - type: integer 
	Parameter MAX_WAIT bound to: 999999 - type: integer 
	Parameter DEV_ADDR bound to: 114 - type: integer 
INFO: [Synth 8-6157] synthesizing module 'i2c_driver' [d:/XME0715/SDK_Demo/21_double_ov5640_hdmi/double_ov5640/double_ov5640.srcs/sources_1/bd/design_1/ipshared/6bae/i2c_driver.v:48]
	Parameter IDLE bound to: 10'b0000000001 
	Parameter WR_START bound to: 10'b0000000010 
	Parameter WR_DEV bound to: 10'b0000000100 
	Parameter WR_MEM bound to: 10'b0000001000 
	Parameter WR_DATA bound to: 10'b0000010000 
	Parameter RD_START bound to: 10'b0000100000 
	Parameter RD_DEV bound to: 10'b0001000000 
	Parameter RD_DATA bound to: 10'b0010000000 
	Parameter STOP bound to: 10'b0100000000 
	Parameter ERROR bound to: 10'b1000000000 
	Parameter SYS_CYCLE bound to: 20 - type: integer 
	Parameter IIC_CYCLE bound to: 5000 - type: integer 
	Parameter MAX bound to: 249 - type: integer 
	Parameter T_HIGH bound to: 2000 - type: integer 
	Parameter T_LOW bound to: 3000 - type: integer 
	Parameter FLAG0 bound to: 49 - type: integer 
	Parameter FLAG1 bound to: 99 - type: integer 
	Parameter FLAG2 bound to: 174 - type: integer 
	Parameter FLAG3 bound to: 249 - type: integer 
WARNING: [Synth 8-151] case item 10'b1000000000 is unreachable [d:/XME0715/SDK_Demo/21_double_ov5640_hdmi/double_ov5640/double_ov5640.srcs/sources_1/bd/design_1/ipshared/6bae/i2c_driver.v:205]
INFO: [Synth 8-6155] done synthesizing module 'i2c_driver' (1#1) [d:/XME0715/SDK_Demo/21_double_ov5640_hdmi/double_ov5640/double_ov5640.srcs/sources_1/bd/design_1/ipshared/6bae/i2c_driver.v:48]
INFO: [Synth 8-6155] done synthesizing module 'i2c_cfg' (2#1) [d:/XME0715/SDK_Demo/21_double_ov5640_hdmi/double_ov5640/double_ov5640.srcs/sources_1/bd/design_1/ipshared/6bae/i2c_cfg.v:47]
INFO: [Synth 8-6155] done synthesizing module 'design_1_i2c_cfg_0_0' (3#1) [d:/XME0715/SDK_Demo/21_double_ov5640_hdmi/double_ov5640/double_ov5640.srcs/sources_1/bd/design_1/ip/design_1_i2c_cfg_0_0/synth/design_1_i2c_cfg_0_0.v:58]
WARNING: [Synth 8-3331] design i2c_driver has unconnected port dev_addr[0]
---------------------------------------------------------------------------------
Finished RTL Elaboration : Time (s): cpu = 00:00:02 ; elapsed = 00:00:03 . Memory (MB): peak = 494.180 ; gain = 153.270
---------------------------------------------------------------------------------

Report Check Netlist: 
+------+------------------+-------+---------+-------+------------------+
|      |Item              |Errors |Warnings |Status |Description       |
+------+------------------+-------+---------+-------+------------------+
|1     |multi_driven_nets |      0|        0|Passed |Multi driven nets |
+------+------------------+-------+---------+-------+------------------+
---------------------------------------------------------------------------------
Start Handling Custom Attributes
---------------------------------------------------------------------------------
---------------------------------------------------------------------------------
Finished Handling Custom Attributes : Time (s): cpu = 00:00:03 ; elapsed = 00:00:03 . Memory (MB): peak = 494.180 ; gain = 153.270
---------------------------------------------------------------------------------
---------------------------------------------------------------------------------
Finished RTL Optimization Phase 1 : Time (s): cpu = 00:00:03 ; elapsed = 00:00:03 . Memory (MB): peak = 494.180 ; gain = 153.270
---------------------------------------------------------------------------------
INFO: [Device 21-403] Loading part xc7z015clg485-2
INFO: [Project 1-570] Preparing netlist for logic optimization

Processing XDC Constraints
Initializing timing engine
Completed Processing XDC Constraints

Netlist sorting complete. Time (s): cpu = 00:00:00 ; elapsed = 00:00:00 . Memory (MB): peak = 838.043 ; gain = 0.000
INFO: [Project 1-111] Unisim Transformation Summary:
No Unisim elements were transformed.

Netlist sorting complete. Time (s): cpu = 00:00:00 ; elapsed = 00:00:00 . Memory (MB): peak = 838.043 ; gain = 0.000
WARNING: [Constraints 18-5210] No constraints selected for write.
Resolution: This message can indicate that there are no constraints for the design, or it can indicate that the used_in flags are set such that the constraints are ignored. This later case is used when running synth_design to not write synthesis constraints to the resulting checkpoint. Instead, project constraints are read when the synthesized design is opened.
Constraint Validation Runtime : Time (s): cpu = 00:00:00 ; elapsed = 00:00:00.047 . Memory (MB): peak = 840.867 ; gain = 2.824
---------------------------------------------------------------------------------
Finished Constraint Validation : Time (s): cpu = 00:00:09 ; elapsed = 00:00:10 . Memory (MB): peak = 840.867 ; gain = 499.957
---------------------------------------------------------------------------------
---------------------------------------------------------------------------------
Start Loading Part and Timing Information
---------------------------------------------------------------------------------
Loading part: xc7z015clg485-2
---------------------------------------------------------------------------------
Finished Loading Part and Timing Information : Time (s): cpu = 00:00:09 ; elapsed = 00:00:10 . Memory (MB): peak = 840.867 ; gain = 499.957
---------------------------------------------------------------------------------
---------------------------------------------------------------------------------
Start Applying 'set_property' XDC Constraints
---------------------------------------------------------------------------------
---------------------------------------------------------------------------------
Finished applying 'set_property' XDC Constraints : Time (s): cpu = 00:00:09 ; elapsed = 00:00:10 . Memory (MB): peak = 840.867 ; gain = 499.957
---------------------------------------------------------------------------------
INFO: [Synth 8-802] inferred FSM for state register 'state_reg' in module 'i2c_driver'
INFO: [Synth 8-5546] ROM "work_flag" won't be mapped to RAM because it is too sparse
INFO: [Synth 8-5546] ROM "x" won't be mapped to RAM because it is too sparse
INFO: [Synth 8-5544] ROM "state" won't be mapped to Block RAM because address size (1) smaller than threshold (5)
INFO: [Synth 8-5544] ROM "state" won't be mapped to Block RAM because address size (1) smaller than threshold (5)
INFO: [Synth 8-5544] ROM "state" won't be mapped to Block RAM because address size (1) smaller than threshold (5)
INFO: [Synth 8-5544] ROM "state" won't be mapped to Block RAM because address size (1) smaller than threshold (5)
INFO: [Synth 8-5544] ROM "state" won't be mapped to Block RAM because address size (1) smaller than threshold (5)
INFO: [Synth 8-5544] ROM "state" won't be mapped to Block RAM because address size (1) smaller than threshold (5)
INFO: [Synth 8-5544] ROM "state" won't be mapped to Block RAM because address size (1) smaller than threshold (5)
INFO: [Synth 8-5544] ROM "state" won't be mapped to Block RAM because address size (1) smaller than threshold (5)
INFO: [Synth 8-5544] ROM "state" won't be mapped to Block RAM because address size (1) smaller than threshold (5)
INFO: [Synth 8-5544] ROM "state" won't be mapped to Block RAM because address size (1) smaller than threshold (5)
INFO: [Synth 8-802] inferred FSM for state register 'state_reg' in module 'i2c_cfg'
INFO: [Synth 8-5546] ROM "ready" won't be mapped to RAM because it is too sparse
INFO: [Synth 8-5546] ROM "lut_data" won't be mapped to RAM because it is too sparse
INFO: [Synth 8-5546] ROM "lut_data" won't be mapped to RAM because it is too sparse
INFO: [Synth 8-5546] ROM "cfg_done" won't be mapped to RAM because it is too sparse
INFO: [Synth 8-5544] ROM "ready" won't be mapped to Block RAM because address size (4) smaller than threshold (5)
INFO: [Synth 8-5544] ROM "cnt_wait" won't be mapped to Block RAM because address size (4) smaller than threshold (5)
INFO: [Synth 8-5544] ROM "state" won't be mapped to Block RAM because address size (1) smaller than threshold (5)
INFO: [Synth 8-5544] ROM "state" won't be mapped to Block RAM because address size (1) smaller than threshold (5)
INFO: [Synth 8-5544] ROM "state" won't be mapped to Block RAM because address size (1) smaller than threshold (5)
---------------------------------------------------------------------------------------------------
                   State |                     New Encoding |                Previous Encoding 
---------------------------------------------------------------------------------------------------
                    IDLE |                             1000 |                        000000001
                WR_START |                             0101 |                        000000010
                  WR_DEV |                             0000 |                        000000100
                  WR_MEM |                             0001 |                        000001000
                 WR_DATA |                             0111 |                        000010000
                RD_START |                             1001 |                        000100000
                  RD_DEV |                             0110 |                        001000000
                 RD_DATA |                             0011 |                        010000000
                    STOP |                             0100 |                        100000000
                  iSTATE |                             0010 |                        000000000
*
---------------------------------------------------------------------------------------------------
INFO: [Synth 8-3354] encoded FSM with state register 'state_reg' using encoding 'sequential' in module 'i2c_driver'
---------------------------------------------------------------------------------------------------
                   State |                     New Encoding |                Previous Encoding 
---------------------------------------------------------------------------------------------------
*
                    IDLE |                             0001 |                             0001
                WR_CHECK |                             0010 |                             0010
                   WRITE |                             0100 |                             0100
                    READ |                             1000 |                             1000
---------------------------------------------------------------------------------------------------
INFO: [Synth 8-3898] No Re-encoding of one hot register 'state_reg' in module 'i2c_cfg'
---------------------------------------------------------------------------------
Finished RTL Optimization Phase 2 : Time (s): cpu = 00:00:10 ; elapsed = 00:00:11 . Memory (MB): peak = 840.867 ; gain = 499.957
---------------------------------------------------------------------------------

Report RTL Partitions: 
+-+--------------+------------+----------+
| |RTL Partition |Replication |Instances |
+-+--------------+------------+----------+
+-+--------------+------------+----------+
---------------------------------------------------------------------------------
Start RTL Component Statistics 
---------------------------------------------------------------------------------
Detailed RTL Component Info : 
+---Adders : 
	   2 Input     25 Bit       Adders := 1     
	   2 Input     10 Bit       Adders := 1     
	   2 Input      9 Bit       Adders := 2     
	   2 Input      6 Bit       Adders := 1     
	   2 Input      3 Bit       Adders := 1     
+---Registers : 
	               25 Bit    Registers := 1     
	               24 Bit    Registers := 1     
	               10 Bit    Registers := 1     
	                9 Bit    Registers := 2     
	                8 Bit    Registers := 2     
	                6 Bit    Registers := 1     
	                3 Bit    Registers := 1     
	                1 Bit    Registers := 14    
+---Muxes : 
	   2 Input     25 Bit        Muxes := 1     
	   2 Input     24 Bit        Muxes := 1     
	  33 Input     24 Bit        Muxes := 1     
	   2 Input      8 Bit        Muxes := 3     
	   9 Input      8 Bit        Muxes := 1     
	   6 Input      6 Bit        Muxes := 1     
	  10 Input      4 Bit        Muxes := 1     
	   2 Input      4 Bit        Muxes := 17    
	   5 Input      4 Bit        Muxes := 1     
	   2 Input      3 Bit        Muxes := 2     
	   2 Input      1 Bit        Muxes := 43    
	  10 Input      1 Bit        Muxes := 1     
	   9 Input      1 Bit        Muxes := 1     
	   6 Input      1 Bit        Muxes := 4     
	   5 Input      1 Bit        Muxes := 1     
---------------------------------------------------------------------------------
Finished RTL Component Statistics 
---------------------------------------------------------------------------------
---------------------------------------------------------------------------------
Start RTL Hierarchical Component Statistics 
---------------------------------------------------------------------------------
Hierarchical RTL Component report 
Module i2c_driver 
Detailed RTL Component Info : 
+---Adders : 
	   2 Input     10 Bit       Adders := 1     
	   2 Input      6 Bit       Adders := 1     
	   2 Input      3 Bit       Adders := 1     
+---Registers : 
	               10 Bit    Registers := 1     
	                8 Bit    Registers := 2     
	                6 Bit    Registers := 1     
	                3 Bit    Registers := 1     
	                1 Bit    Registers := 9     
+---Muxes : 
	   2 Input      8 Bit        Muxes := 3     
	   9 Input      8 Bit        Muxes := 1     
	   6 Input      6 Bit        Muxes := 1     
	  10 Input      4 Bit        Muxes := 1     
	   2 Input      4 Bit        Muxes := 15    
	   2 Input      1 Bit        Muxes := 30    
	  10 Input      1 Bit        Muxes := 1     
	   9 Input      1 Bit        Muxes := 1     
	   6 Input      1 Bit        Muxes := 4     
Module i2c_cfg 
Detailed RTL Component Info : 
+---Adders : 
	   2 Input     25 Bit       Adders := 1     
	   2 Input      9 Bit       Adders := 2     
+---Registers : 
	               25 Bit    Registers := 1     
	               24 Bit    Registers := 1     
	                9 Bit    Registers := 2     
	                1 Bit    Registers := 5     
+---Muxes : 
	   2 Input     25 Bit        Muxes := 1     
	   2 Input     24 Bit        Muxes := 1     
	  33 Input     24 Bit        Muxes := 1     
	   5 Input      4 Bit        Muxes := 1     
	   2 Input      4 Bit        Muxes := 2     
	   2 Input      3 Bit        Muxes := 2     
	   2 Input      1 Bit        Muxes := 13    
	   5 Input      1 Bit        Muxes := 1     
---------------------------------------------------------------------------------
Finished RTL Hierarchical Component Statistics
---------------------------------------------------------------------------------
---------------------------------------------------------------------------------
Start Part Resource Summary
---------------------------------------------------------------------------------
Part Resources:
DSPs: 160 (col length:60)
BRAMs: 190 (col length: RAMB18 60 RAMB36 30)
---------------------------------------------------------------------------------
Finished Part Resource Summary
---------------------------------------------------------------------------------
---------------------------------------------------------------------------------
Start Cross Boundary and Area Optimization
---------------------------------------------------------------------------------
Warning: Parallel synthesis criteria is not met 
INFO: [Synth 8-5544] ROM "inst/inst_i2c_driver/x" won't be mapped to Block RAM because address size (4) smaller than threshold (5)
INFO: [Synth 8-5546] ROM "inst/cfg_done" won't be mapped to RAM because it is too sparse
INFO: [Synth 8-5546] ROM "inst/ready" won't be mapped to RAM because it is too sparse
INFO: [Synth 8-3886] merging instance 'inst/lut_data_reg[22]' (FDR) to 'inst/lut_data_reg[17]'
INFO: [Synth 8-3333] propagating constant 1 across sequential element (\inst/lut_data_reg[21] )
INFO: [Synth 8-3886] merging instance 'inst/lut_data_reg[20]' (FDR) to 'inst/lut_data_reg[17]'
INFO: [Synth 8-3886] merging instance 'inst/lut_data_reg[19]' (FDR) to 'inst/lut_data_reg[16]'
INFO: [Synth 8-3886] merging instance 'inst/lut_data_reg[18]' (FDR) to 'inst/lut_data_reg[16]'
---------------------------------------------------------------------------------
Finished Cross Boundary and Area Optimization : Time (s): cpu = 00:00:12 ; elapsed = 00:00:13 . Memory (MB): peak = 840.867 ; gain = 499.957
---------------------------------------------------------------------------------
---------------------------------------------------------------------------------
Start ROM, RAM, DSP and Shift Register Reporting
---------------------------------------------------------------------------------

ROM:
+---------------------+---------------+---------------+----------------+
|Module Name          | RTL Object    | Depth x Width | Implemented As | 
+---------------------+---------------+---------------+----------------+
|design_1_i2c_cfg_0_0 | inst/lut_data | 32x24         | LUT            | 
+---------------------+---------------+---------------+----------------+

---------------------------------------------------------------------------------
Finished ROM, RAM, DSP and Shift Register Reporting
---------------------------------------------------------------------------------

Report RTL Partitions: 
+-+--------------+------------+----------+
| |RTL Partition |Replication |Instances |
+-+--------------+------------+----------+
+-+--------------+------------+----------+
---------------------------------------------------------------------------------
Start Applying XDC Timing Constraints
---------------------------------------------------------------------------------
---------------------------------------------------------------------------------
Finished Applying XDC Timing Constraints : Time (s): cpu = 00:00:18 ; elapsed = 00:00:20 . Memory (MB): peak = 840.867 ; gain = 499.957
---------------------------------------------------------------------------------
---------------------------------------------------------------------------------
Start Timing Optimization
---------------------------------------------------------------------------------
---------------------------------------------------------------------------------
Finished Timing Optimization : Time (s): cpu = 00:00:18 ; elapsed = 00:00:20 . Memory (MB): peak = 840.867 ; gain = 499.957
---------------------------------------------------------------------------------

Report RTL Partitions: 
+-+--------------+------------+----------+
| |RTL Partition |Replication |Instances |
+-+--------------+------------+----------+
+-+--------------+------------+----------+
---------------------------------------------------------------------------------
Start Technology Mapping
---------------------------------------------------------------------------------
---------------------------------------------------------------------------------
Finished Technology Mapping : Time (s): cpu = 00:00:18 ; elapsed = 00:00:20 . Memory (MB): peak = 865.258 ; gain = 524.348
---------------------------------------------------------------------------------

Report RTL Partitions: 
+-+--------------+------------+----------+
| |RTL Partition |Replication |Instances |
+-+--------------+------------+----------+
+-+--------------+------------+----------+
---------------------------------------------------------------------------------
Start IO Insertion
---------------------------------------------------------------------------------
---------------------------------------------------------------------------------
Start Flattening Before IO Insertion
---------------------------------------------------------------------------------
---------------------------------------------------------------------------------
Finished Flattening Before IO Insertion
---------------------------------------------------------------------------------
---------------------------------------------------------------------------------
Start Final Netlist Cleanup
---------------------------------------------------------------------------------
---------------------------------------------------------------------------------
Finished Final Netlist Cleanup
---------------------------------------------------------------------------------
CRITICAL WARNING: [Synth 8-5799] Converted tricell instance 'insti_0' to logic
---------------------------------------------------------------------------------
Finished IO Insertion : Time (s): cpu = 00:00:19 ; elapsed = 00:00:21 . Memory (MB): peak = 865.258 ; gain = 524.348
---------------------------------------------------------------------------------

Report Check Netlist: 
+------+------------------+-------+---------+-------+------------------+
|      |Item              |Errors |Warnings |Status |Description       |
+------+------------------+-------+---------+-------+------------------+
|1     |multi_driven_nets |      0|        0|Passed |Multi driven nets |
+------+------------------+-------+---------+-------+------------------+
---------------------------------------------------------------------------------
Start Renaming Generated Instances
---------------------------------------------------------------------------------
---------------------------------------------------------------------------------
Finished Renaming Generated Instances : Time (s): cpu = 00:00:19 ; elapsed = 00:00:21 . Memory (MB): peak = 865.258 ; gain = 524.348
---------------------------------------------------------------------------------

Report RTL Partitions: 
+-+--------------+------------+----------+
| |RTL Partition |Replication |Instances |
+-+--------------+------------+----------+
+-+--------------+------------+----------+
---------------------------------------------------------------------------------
Start Rebuilding User Hierarchy
---------------------------------------------------------------------------------
---------------------------------------------------------------------------------
Finished Rebuilding User Hierarchy : Time (s): cpu = 00:00:19 ; elapsed = 00:00:21 . Memory (MB): peak = 865.258 ; gain = 524.348
---------------------------------------------------------------------------------
---------------------------------------------------------------------------------
Start Renaming Generated Ports
---------------------------------------------------------------------------------
---------------------------------------------------------------------------------
Finished Renaming Generated Ports : Time (s): cpu = 00:00:19 ; elapsed = 00:00:21 . Memory (MB): peak = 865.258 ; gain = 524.348
---------------------------------------------------------------------------------
---------------------------------------------------------------------------------
Start Handling Custom Attributes
---------------------------------------------------------------------------------
---------------------------------------------------------------------------------
Finished Handling Custom Attributes : Time (s): cpu = 00:00:19 ; elapsed = 00:00:21 . Memory (MB): peak = 865.258 ; gain = 524.348
---------------------------------------------------------------------------------
---------------------------------------------------------------------------------
Start Renaming Generated Nets
---------------------------------------------------------------------------------
---------------------------------------------------------------------------------
Finished Renaming Generated Nets : Time (s): cpu = 00:00:19 ; elapsed = 00:00:21 . Memory (MB): peak = 865.258 ; gain = 524.348
---------------------------------------------------------------------------------
---------------------------------------------------------------------------------
Start Writing Synthesis Report
---------------------------------------------------------------------------------

Report BlackBoxes: 
+-+--------------+----------+
| |BlackBox name |Instances |
+-+--------------+----------+
+-+--------------+----------+

Report Cell Usage: 
+------+-------+------+
|      |Cell   |Count |
+------+-------+------+
|1     |CARRY4 |     6|
|2     |LUT1   |     6|
|3     |LUT2   |    56|
|4     |LUT3   |    26|
|5     |LUT4   |    36|
|6     |LUT5   |    29|
|7     |LUT6   |   147|
|8     |FDRE   |   106|
|9     |FDSE   |     4|
+------+-------+------+

Report Instance Areas: 
+------+--------------------+-----------+------+
|      |Instance            |Module     |Cells |
+------+--------------------+-----------+------+
|1     |top                 |           |   416|
|2     |  inst              |i2c_cfg    |   416|
|3     |    inst_i2c_driver |i2c_driver |   192|
+------+--------------------+-----------+------+
---------------------------------------------------------------------------------
Finished Writing Synthesis Report : Time (s): cpu = 00:00:19 ; elapsed = 00:00:21 . Memory (MB): peak = 865.258 ; gain = 524.348
---------------------------------------------------------------------------------
Synthesis finished with 0 errors, 1 critical warnings and 0 warnings.
Synthesis Optimization Runtime : Time (s): cpu = 00:00:12 ; elapsed = 00:00:15 . Memory (MB): peak = 865.258 ; gain = 177.660
Synthesis Optimization Complete : Time (s): cpu = 00:00:19 ; elapsed = 00:00:21 . Memory (MB): peak = 865.258 ; gain = 524.348
INFO: [Project 1-571] Translating synthesized netlist
INFO: [Netlist 29-17] Analyzing 6 Unisim elements for replacement
INFO: [Netlist 29-28] Unisim Transformation completed in 0 CPU seconds
INFO: [Project 1-570] Preparing netlist for logic optimization
INFO: [Opt 31-138] Pushed 0 inverter(s) to 0 load pin(s).
Netlist sorting complete. Time (s): cpu = 00:00:00 ; elapsed = 00:00:00 . Memory (MB): peak = 865.258 ; gain = 0.000
INFO: [Project 1-111] Unisim Transformation Summary:
No Unisim elements were transformed.

INFO: [Common 17-83] Releasing license: Synthesis
53 Infos, 3 Warnings, 1 Critical Warnings and 0 Errors encountered.
synth_design completed successfully
synth_design: Time (s): cpu = 00:00:21 ; elapsed = 00:00:23 . Memory (MB): peak = 865.258 ; gain = 535.820
Netlist sorting complete. Time (s): cpu = 00:00:00 ; elapsed = 00:00:00 . Memory (MB): peak = 865.258 ; gain = 0.000
WARNING: [Constraints 18-5210] No constraints selected for write.
Resolution: This message can indicate that there are no constraints for the design, or it can indicate that the used_in flags are set such that the constraints are ignored. This later case is used when running synth_design to not write synthesis constraints to the resulting checkpoint. Instead, project constraints are read when the synthesized design is opened.
INFO: [Common 17-1381] The checkpoint 'D:/XME0715/SDK_Demo/21_double_ov5640_hdmi/double_ov5640/double_ov5640.runs/design_1_i2c_cfg_0_0_synth_1/design_1_i2c_cfg_0_0.dcp' has been generated.
INFO: [Coretcl 2-1648] Added synthesis output to IP cache for IP design_1_i2c_cfg_0_0, cache-ID = 8f28dee9e8cea3b1
INFO: [Coretcl 2-1174] Renamed 2 cell refs.
Netlist sorting complete. Time (s): cpu = 00:00:00 ; elapsed = 00:00:00 . Memory (MB): peak = 865.258 ; gain = 0.000
WARNING: [Constraints 18-5210] No constraints selected for write.
Resolution: This message can indicate that there are no constraints for the design, or it can indicate that the used_in flags are set such that the constraints are ignored. This later case is used when running synth_design to not write synthesis constraints to the resulting checkpoint. Instead, project constraints are read when the synthesized design is opened.
INFO: [Common 17-1381] The checkpoint 'D:/XME0715/SDK_Demo/21_double_ov5640_hdmi/double_ov5640/double_ov5640.runs/design_1_i2c_cfg_0_0_synth_1/design_1_i2c_cfg_0_0.dcp' has been generated.
INFO: [runtcl-4] Executing : report_utilization -file design_1_i2c_cfg_0_0_utilization_synth.rpt -pb design_1_i2c_cfg_0_0_utilization_synth.pb
INFO: [Common 17-206] Exiting Vivado at Sat May 23 11:37:29 2020...
